{"D:\\Projem\\shared\\reviewedSourceCatalog.json": {"path":"D:\\Projem\\shared\\reviewedSourceCatalog.json","statementMap":{},"fnMap":{},"branchMap":{},"s":{},"f":{},"b":{},"meta":{"lastBranch":0,"lastFunction":0,"lastStatement":0,"seen":{}}}
,"D:\\Projem\\src\\constants.js": {"path":"D:\\Projem\\src\\constants.js","statementMap":{"0":{"start":{"line":19,"column":22},"end":{"line":34,"column":1}},"1":{"start":{"line":43,"column":21},"end":{"line":52,"column":1}},"2":{"start":{"line":61,"column":18},"end":{"line":73,"column":1}},"3":{"start":{"line":82,"column":28},"end":{"line":101,"column":1}},"4":{"start":{"line":110,"column":32},"end":{"line":114,"column":1}},"5":{"start":{"line":119,"column":27},"end":{"line":119,"column":34}},"6":{"start":{"line":128,"column":27},"end":{"line":152,"column":1}},"7":{"start":{"line":157,"column":40},"end":{"line":157,"column":58}},"8":{"start":{"line":162,"column":36},"end":{"line":162,"column":59}},"9":{"start":{"line":171,"column":28},"end":{"line":232,"column":1}}},"fnMap":{},"branchMap":{},"s":{"0":18,"1":18,"2":18,"3":18,"4":18,"5":18,"6":18,"7":18,"8":18,"9":18},"f":{},"b":{},"meta":{"lastBranch":0,"lastFunction":0,"lastStatement":10,"seen":{"s:19:22:34:1":0,"s:43:21:52:1":1,"s:61:18:73:1":2,"s:82:28:101:1":3,"s:110:32:114:1":4,"s:119:27:119:34":5,"s:128:27:152:1":6,"s:157:40:157:58":7,"s:162:36:162:59":8,"s:171:28:232:1":9}}}
,"D:\\Projem\\src\\components\\LazyImage.css": {"path":"D:\\Projem\\src\\components\\LazyImage.css","statementMap":{},"fnMap":{},"branchMap":{},"s":{},"f":{},"b":{},"meta":{"lastBranch":0,"lastFunction":0,"lastStatement":0,"seen":{}}}
,"D:\\Projem\\src\\components\\LazyImage.jsx": {"path":"D:\\Projem\\src\\components\\LazyImage.jsx","statementMap":{"0":{"start":{"line":16,"column":30},"end":{"line":16,"column":null}},"1":{"start":{"line":17,"column":30},"end":{"line":17,"column":null}},"2":{"start":{"line":18,"column":8},"end":{"line":18,"column":null}},"3":{"start":{"line":20,"column":2},"end":{"line":45,"column":null}},"4":{"start":{"line":21,"column":23},"end":{"line":21,"column":null}},"5":{"start":{"line":23,"column":21},"end":{"line":34,"column":null}},"6":{"start":{"line":25,"column":8},"end":{"line":28,"column":null}},"7":{"start":{"line":26,"column":10},"end":{"line":26,"column":null}},"8":{"start":{"line":27,"column":10},"end":{"line":27,"column":null}},"9":{"start":{"line":36,"column":4},"end":{"line":38,"column":null}},"10":{"start":{"line":37,"column":6},"end":{"line":37,"column":null}},"11":{"start":{"line":40,"column":4},"end":{"line":44,"column":null}},"12":{"start":{"line":41,"column":6},"end":{"line":43,"column":null}},"13":{"start":{"line":42,"column":8},"end":{"line":42,"column":null}},"14":{"start":{"line":47,"column":21},"end":{"line":49,"column":null}},"15":{"start":{"line":48,"column":4},"end":{"line":48,"column":null}},"16":{"start":{"line":51,"column":2},"end":{"line":73,"column":null}},"17":{"start":{"line":82,"column":2},"end":{"line":92,"column":null}},"18":{"start":{"line":85,"column":8},"end":{"line":90,"column":null}}},"fnMap":{"0":{"name":"LazyImage","decl":{"start":{"line":9,"column":16},"end":{"line":9,"column":26}},"loc":{"start":{"line":15,"column":3},"end":{"line":75,"column":null}},"line":15},"1":{"name":"(anonymous_1)","decl":{"start":{"line":20,"column":12},"end":{"line":20,"column":18}},"loc":{"start":{"line":20,"column":18},"end":{"line":45,"column":5}},"line":20},"2":{"name":"(anonymous_2)","decl":{"start":{"line":24,"column":6},"end":{"line":24,"column":7}},"loc":{"start":{"line":24,"column":19},"end":{"line":29,"column":null}},"line":24},"3":{"name":"(anonymous_3)","decl":{"start":{"line":40,"column":11},"end":{"line":40,"column":17}},"loc":{"start":{"line":40,"column":17},"end":{"line":44,"column":null}},"line":40},"4":{"name":"(anonymous_4)","decl":{"start":{"line":47,"column":21},"end":{"line":47,"column":27}},"loc":{"start":{"line":47,"column":27},"end":{"line":49,"column":null}},"line":47},"5":{"name":"LazyImageGrid","decl":{"start":{"line":81,"column":16},"end":{"line":81,"column":30}},"loc":{"start":{"line":81,"column":58},"end":{"line":94,"column":null}},"line":81},"6":{"name":"(anonymous_6)","decl":{"start":{"line":84,"column":18},"end":{"line":84,"column":19}},"loc":{"start":{"line":85,"column":8},"end":{"line":90,"column":null}},"line":85}},"branchMap":{"0":{"loc":{"start":{"line":12,"column":2},"end":{"line":12,"column":null}},"type":"default-arg","locations":[{"start":{"line":12,"column":14},"end":{"line":12,"column":null}}],"line":12},"1":{"loc":{"start":{"line":13,"column":2},"end":{"line":13,"column":null}},"type":"default-arg","locations":[{"start":{"line":13,"column":14},"end":{"line":13,"column":null}}],"line":13},"2":{"loc":{"start":{"line":14,"column":2},"end":{"line":14,"column":null}},"type":"default-arg","locations":[{"start":{"line":14,"column":15},"end":{"line":14,"column":null}}],"line":14},"3":{"loc":{"start":{"line":25,"column":8},"end":{"line":28,"column":null}},"type":"if","locations":[{"start":{"line":25,"column":8},"end":{"line":28,"column":null}},{"start":{},"end":{}}],"line":25},"4":{"loc":{"start":{"line":36,"column":4},"end":{"line":38,"column":null}},"type":"if","locations":[{"start":{"line":36,"column":4},"end":{"line":38,"column":null}},{"start":{},"end":{}}],"line":36},"5":{"loc":{"start":{"line":41,"column":6},"end":{"line":43,"column":null}},"type":"if","locations":[{"start":{"line":41,"column":6},"end":{"line":43,"column":null}},{"start":{},"end":{}}],"line":41},"6":{"loc":{"start":{"line":54,"column":54},"end":{"line":54,"column":78}},"type":"cond-expr","locations":[{"start":{"line":54,"column":65},"end":{"line":54,"column":76}},{"start":{"line":54,"column":76},"end":{"line":54,"column":78}}],"line":54},"7":{"loc":{"start":{"line":57,"column":7},"end":{"line":60,"column":null}},"type":"binary-expr","locations":[{"start":{"line":57,"column":7},"end":{"line":57,"column":null}},{"start":{"line":58,"column":8},"end":{"line":60,"column":null}}],"line":57},"8":{"loc":{"start":{"line":64,"column":7},"end":{"line":71,"column":null}},"type":"binary-expr","locations":[{"start":{"line":64,"column":7},"end":{"line":64,"column":null}},{"start":{"line":65,"column":8},"end":{"line":71,"column":null}}],"line":64},"9":{"loc":{"start":{"line":68,"column":35},"end":{"line":68,"column":60}},"type":"cond-expr","locations":[{"start":{"line":68,"column":46},"end":{"line":68,"column":58}},{"start":{"line":68,"column":58},"end":{"line":68,"column":60}}],"line":68},"10":{"loc":{"start":{"line":81,"column":40},"end":{"line":81,"column":55}},"type":"default-arg","locations":[{"start":{"line":81,"column":52},"end":{"line":81,"column":55}}],"line":81}},"s":{"0":5,"1":5,"2":5,"3":5,"4":5,"5":5,"6":0,"7":0,"8":0,"9":5,"10":5,"11":5,"12":5,"13":5,"14":5,"15":0,"16":5,"17":0,"18":0},"f":{"0":5,"1":5,"2":0,"3":5,"4":0,"5":0,"6":0},"b":{"0":[5],"1":[5],"2":[5],"3":[0,0],"4":[5,0],"5":[5,0],"6":[0,5],"7":[5,5],"8":[5,0],"9":[0,0],"10":[0]},"meta":{"lastBranch":11,"lastFunction":7,"lastStatement":19,"seen":{"f:9:16:9:26":0,"b:12:14:12:Infinity":0,"b:13:14:13:Infinity":1,"b:14:15:14:Infinity":2,"s:16:30:16:Infinity":0,"s:17:30:17:Infinity":1,"s:18:8:18:Infinity":2,"s:20:2:45:Infinity":3,"f:20:12:20:18":1,"s:21:23:21:Infinity":4,"s:23:21:34:Infinity":5,"f:24:6:24:7":2,"b:25:8:28:Infinity:undefined:undefined:undefined:undefined":3,"s:25:8:28:Infinity":6,"s:26:10:26:Infinity":7,"s:27:10:27:Infinity":8,"b:36:4:38:Infinity:undefined:undefined:undefined:undefined":4,"s:36:4:38:Infinity":9,"s:37:6:37:Infinity":10,"s:40:4:44:Infinity":11,"f:40:11:40:17":3,"b:41:6:43:Infinity:undefined:undefined:undefined:undefined":5,"s:41:6:43:Infinity":12,"s:42:8:42:Infinity":13,"s:47:21:49:Infinity":14,"f:47:21:47:27":4,"s:48:4:48:Infinity":15,"s:51:2:73:Infinity":16,"b:54:65:54:76:54:76:54:78":6,"b:57:7:57:Infinity:58:8:60:Infinity":7,"b:64:7:64:Infinity:65:8:71:Infinity":8,"b:68:46:68:58:68:58:68:60":9,"f:81:16:81:30":5,"b:81:52:81:55":10,"s:82:2:92:Infinity":17,"f:84:18:84:19":6,"s:85:8:90:Infinity":18}}}
,"D:\\Projem\\src\\config\\deepLinkConfig.js": {"path":"D:\\Projem\\src\\config\\deepLinkConfig.js","statementMap":{"0":{"start":{"line":1,"column":32},"end":{"line":7,"column":1}},"1":{"start":{"line":9,"column":30},"end":{"line":26,"column":1}},"2":{"start":{"line":10,"column":22},"end":{"line":10,"column":52}},"3":{"start":{"line":11,"column":24},"end":{"line":11,"column":50}},"4":{"start":{"line":12,"column":26},"end":{"line":12,"column":54}},"5":{"start":{"line":13,"column":22},"end":{"line":13,"column":46}},"6":{"start":{"line":14,"column":22},"end":{"line":14,"column":63}},"7":{"start":{"line":15,"column":25},"end":{"line":20,"column":4}},"8":{"start":{"line":22,"column":2},"end":{"line":22,"column":null}},"9":{"start":{"line":24,"column":2},"end":{"line":25,"column":null}}},"fnMap":{"0":{"name":"(anonymous_0)","decl":{"start":{"line":9,"column":30},"end":{"line":9,"column":31}},"loc":{"start":{"line":9,"column":143},"end":{"line":26,"column":1}},"line":9}},"branchMap":{"0":{"loc":{"start":{"line":9,"column":39},"end":{"line":9,"column":78}},"type":"default-arg","locations":[{"start":{"line":9,"column":48},"end":{"line":9,"column":78}}],"line":9},"1":{"loc":{"start":{"line":9,"column":80},"end":{"line":9,"column":123}},"type":"default-arg","locations":[{"start":{"line":9,"column":91},"end":{"line":9,"column":123}}],"line":9},"2":{"loc":{"start":{"line":9,"column":125},"end":{"line":9,"column":136}},"type":"default-arg","locations":[{"start":{"line":9,"column":132},"end":{"line":9,"column":136}}],"line":9},"3":{"loc":{"start":{"line":10,"column":41},"end":{"line":10,"column":51}},"type":"binary-expr","locations":[{"start":{"line":10,"column":41},"end":{"line":10,"column":45}},{"start":{"line":10,"column":49},"end":{"line":10,"column":51}}],"line":10},"4":{"loc":{"start":{"line":16,"column":9},"end":{"line":16,"column":19}},"type":"binary-expr","locations":[{"start":{"line":16,"column":9},"end":{"line":16,"column":13}},{"start":{"line":16,"column":17},"end":{"line":16,"column":19}}],"line":16}},"s":{"0":1,"1":1,"2":1,"3":1,"4":1,"5":1,"6":1,"7":1,"8":1,"9":1},"f":{"0":1},"b":{"0":[1],"1":[1],"2":[1],"3":[1,0],"4":[1,0]},"meta":{"lastBranch":5,"lastFunction":1,"lastStatement":10,"seen":{"s:1:32:7:1":0,"s:9:30:26:1":1,"f:9:30:9:31":0,"b:9:48:9:78":0,"b:9:91:9:123":1,"b:9:132:9:136":2,"s:10:22:10:52":2,"b:10:41:10:45:10:49:10:51":3,"s:11:24:11:50":3,"s:12:26:12:54":4,"s:13:22:13:46":5,"s:14:22:14:63":6,"s:15:25:20:4":7,"b:16:9:16:13:16:17:16:19":4,"s:22:2:22:Infinity":8,"s:24:2:25:Infinity":9}}}
,"D:\\Projem\\src\\config\\referralRules.js": {"path":"D:\\Projem\\src\\config\\referralRules.js","statementMap":{"0":{"start":{"line":1,"column":30},"end":{"line":10,"column":1}},"1":{"start":{"line":12,"column":41},"end":{"line":19,"column":1}},"2":{"start":{"line":21,"column":23},"end":{"line":24,"column":1}},"3":{"start":{"line":22,"column":17},"end":{"line":22,"column":40}},"4":{"start":{"line":23,"column":2},"end":{"line":23,"column":49}},"5":{"start":{"line":26,"column":39},"end":{"line":29,"column":1}},"6":{"start":{"line":27,"column":25},"end":{"line":27,"column":71}},"7":{"start":{"line":28,"column":2},"end":{"line":28,"column":59}},"8":{"start":{"line":31,"column":49},"end":{"line":56,"column":1}},"9":{"start":{"line":32,"column":15},"end":{"line":32,"column":26}},"10":{"start":{"line":33,"column":24},"end":{"line":33,"column":60}},"11":{"start":{"line":35,"column":26},"end":{"line":41,"column":3}},"12":{"start":{"line":43,"column":26},"end":{"line":48,"column":3}},"13":{"start":{"line":50,"column":2},"end":{"line":55,"column":4}}},"fnMap":{"0":{"name":"(anonymous_0)","decl":{"start":{"line":21,"column":23},"end":{"line":21,"column":24}},"loc":{"start":{"line":21,"column":34},"end":{"line":24,"column":1}},"line":21},"1":{"name":"(anonymous_1)","decl":{"start":{"line":26,"column":39},"end":{"line":26,"column":40}},"loc":{"start":{"line":26,"column":70},"end":{"line":29,"column":1}},"line":26},"2":{"name":"(anonymous_2)","decl":{"start":{"line":31,"column":49},"end":{"line":31,"column":50}},"loc":{"start":{"line":31,"column":80},"end":{"line":56,"column":1}},"line":31}},"branchMap":{"0":{"loc":{"start":{"line":22,"column":28},"end":{"line":22,"column":39}},"type":"binary-expr","locations":[{"start":{"line":22,"column":28},"end":{"line":22,"column":33}},{"start":{"line":22,"column":37},"end":{"line":22,"column":39}}],"line":22},"1":{"loc":{"start":{"line":23,"column":9},"end":{"line":23,"column":48}},"type":"cond-expr","locations":[{"start":{"line":23,"column":35},"end":{"line":23,"column":41}},{"start":{"line":23,"column":44},"end":{"line":23,"column":48}}],"line":23},"2":{"loc":{"start":{"line":26,"column":47},"end":{"line":26,"column":65}},"type":"default-arg","locations":[{"start":{"line":26,"column":55},"end":{"line":26,"column":65}}],"line":26},"3":{"loc":{"start":{"line":28,"column":17},"end":{"line":28,"column":57}},"type":"binary-expr","locations":[{"start":{"line":28,"column":17},"end":{"line":28,"column":31}},{"start":{"line":28,"column":35},"end":{"line":28,"column":57}}],"line":28},"4":{"loc":{"start":{"line":31,"column":57},"end":{"line":31,"column":75}},"type":"default-arg","locations":[{"start":{"line":31,"column":65},"end":{"line":31,"column":75}}],"line":31},"5":{"loc":{"start":{"line":32,"column":15},"end":{"line":32,"column":26}},"type":"binary-expr","locations":[{"start":{"line":32,"column":15},"end":{"line":32,"column":20}},{"start":{"line":32,"column":24},"end":{"line":32,"column":26}}],"line":32},"6":{"loc":{"start":{"line":36,"column":4},"end":{"line":40,"column":33}},"type":"binary-expr","locations":[{"start":{"line":36,"column":4},"end":{"line":36,"column":18}},{"start":{"line":37,"column":6},"end":{"line":37,"column":24}},{"start":{"line":38,"column":6},"end":{"line":38,"column":27}},{"start":{"line":39,"column":6},"end":{"line":39,"column":32}},{"start":{"line":40,"column":6},"end":{"line":40,"column":33}}],"line":36},"7":{"loc":{"start":{"line":44,"column":4},"end":{"line":47,"column":29}},"type":"binary-expr","locations":[{"start":{"line":44,"column":4},"end":{"line":44,"column":18}},{"start":{"line":45,"column":6},"end":{"line":45,"column":18}},{"start":{"line":46,"column":6},"end":{"line":46,"column":26}},{"start":{"line":47,"column":6},"end":{"line":47,"column":29}}],"line":44},"8":{"loc":{"start":{"line":54,"column":24},"end":{"line":54,"column":61}},"type":"binary-expr","locations":[{"start":{"line":54,"column":24},"end":{"line":54,"column":53}},{"start":{"line":54,"column":57},"end":{"line":54,"column":61}}],"line":54}},"s":{"0":1,"1":1,"2":1,"3":11,"4":11,"5":1,"6":11,"7":11,"8":1,"9":5,"10":5,"11":5,"12":5,"13":5},"f":{"0":11,"1":11,"2":5},"b":{"0":[11,8],"1":[3,8],"2":[11],"3":[11,3],"4":[5],"5":[5,0],"6":[5,4,2,2,1],"7":[5,4,2,2],"8":[5,4]},"meta":{"lastBranch":9,"lastFunction":3,"lastStatement":14,"seen":{"s:1:30:10:1":0,"s:12:41:19:1":1,"s:21:23:24:1":2,"f:21:23:21:24":0,"s:22:17:22:40":3,"b:22:28:22:33:22:37:22:39":0,"s:23:2:23:49":4,"b:23:35:23:41:23:44:23:48":1,"s:26:39:29:1":5,"f:26:39:26:40":1,"b:26:55:26:65":2,"s:27:25:27:71":6,"s:28:2:28:59":7,"b:28:17:28:31:28:35:28:57":3,"s:31:49:56:1":8,"f:31:49:31:50":2,"b:31:65:31:75":4,"s:32:15:32:26":9,"b:32:15:32:20:32:24:32:26":5,"s:33:24:33:60":10,"s:35:26:41:3":11,"b:36:4:36:18:37:6:37:24:38:6:38:27:39:6:39:32:40:6:40:33":6,"s:43:26:48:3":12,"b:44:4:44:18:45:6:45:18:46:6:46:26:47:6:47:29":7,"s:50:2:55:4":13,"b:54:24:54:53:54:57:54:61":8}}}
,"D:\\Projem\\src\\constants\\prayerTimes.js": {"path":"D:\\Projem\\src\\constants\\prayerTimes.js","statementMap":{"0":{"start":{"line":1,"column":31},"end":{"line":1,"column":85}},"1":{"start":{"line":3,"column":38},"end":{"line":3,"column":81}},"2":{"start":{"line":9,"column":37},"end":{"line":18,"column":1}},"3":{"start":{"line":10,"column":2},"end":{"line":10,"column":62}},"4":{"start":{"line":10,"column":47},"end":{"line":10,"column":62}},"5":{"start":{"line":12,"column":2},"end":{"line":17,"column":9}},"6":{"start":{"line":13,"column":4},"end":{"line":15,"column":5}},"7":{"start":{"line":14,"column":6},"end":{"line":14,"column":30}},"8":{"start":{"line":16,"column":4},"end":{"line":16,"column":15}}},"fnMap":{"0":{"name":"(anonymous_0)","decl":{"start":{"line":9,"column":37},"end":{"line":9,"column":38}},"loc":{"start":{"line":9,"column":50},"end":{"line":18,"column":1}},"line":9},"1":{"name":"(anonymous_1)","decl":{"start":{"line":12,"column":32},"end":{"line":12,"column":33}},"loc":{"start":{"line":12,"column":46},"end":{"line":17,"column":3}},"line":12}},"branchMap":{"0":{"loc":{"start":{"line":10,"column":2},"end":{"line":10,"column":62}},"type":"if","locations":[{"start":{"line":10,"column":2},"end":{"line":10,"column":62}},{"start":{},"end":{}}],"line":10},"1":{"loc":{"start":{"line":10,"column":6},"end":{"line":10,"column":45}},"type":"binary-expr","locations":[{"start":{"line":10,"column":6},"end":{"line":10,"column":14}},{"start":{"line":10,"column":18},"end":{"line":10,"column":45}}],"line":10},"2":{"loc":{"start":{"line":13,"column":4},"end":{"line":15,"column":5}},"type":"if","locations":[{"start":{"line":13,"column":4},"end":{"line":15,"column":5}},{"start":{},"end":{}}],"line":13}},"s":{"0":1,"1":1,"2":1,"3":2,"4":0,"5":2,"6":12,"7":12,"8":12},"f":{"0":2,"1":12},"b":{"0":[0,2],"1":[2,2],"2":[12,0]},"meta":{"lastBranch":3,"lastFunction":2,"lastStatement":9,"seen":{"s:1:31:1:85":0,"s:3:38:3:81":1,"s:9:37:18:1":2,"f:9:37:9:38":0,"b:10:2:10:62:undefined:undefined:undefined:undefined":0,"s:10:2:10:62":3,"b:10:6:10:14:10:18:10:45":1,"s:10:47:10:62":4,"s:12:2:17:9":5,"f:12:32:12:33":1,"b:13:4:15:5:undefined:undefined:undefined:undefined":2,"s:13:4:15:5":6,"s:14:6:14:30":7,"s:16:4:16:15":8}}}
,"D:\\Projem\\src\\data\\esmaUlHusnaData.js": {"path":"D:\\Projem\\src\\data\\esmaUlHusnaData.js","statementMap":{"0":{"start":{"line":4,"column":29},"end":{"line":104,"column":1}},"1":{"start":{"line":107,"column":29},"end":{"line":109,"column":1}},"2":{"start":{"line":108,"column":4},"end":{"line":108,"column":75}},"3":{"start":{"line":112,"column":28},"end":{"line":116,"column":1}},"4":{"start":{"line":113,"column":18},"end":{"line":113,"column":28}},"5":{"start":{"line":114,"column":22},"end":{"line":114,"column":103}},"6":{"start":{"line":115,"column":4},"end":{"line":115,"column":59}}},"fnMap":{"0":{"name":"(anonymous_0)","decl":{"start":{"line":107,"column":29},"end":{"line":107,"column":30}},"loc":{"start":{"line":107,"column":35},"end":{"line":109,"column":1}},"line":107},"1":{"name":"(anonymous_1)","decl":{"start":{"line":112,"column":28},"end":{"line":112,"column":29}},"loc":{"start":{"line":112,"column":34},"end":{"line":116,"column":1}},"line":112}},"branchMap":{},"s":{"0":1,"1":1,"2":0,"3":1,"4":0,"5":0,"6":0},"f":{"0":0,"1":0},"b":{},"meta":{"lastBranch":0,"lastFunction":2,"lastStatement":7,"seen":{"s:4:29:104:1":0,"s:107:29:109:1":1,"f:107:29:107:30":0,"s:108:4:108:75":2,"s:112:28:116:1":3,"f:112:28:112:29":1,"s:113:18:113:28":4,"s:114:22:114:103":5,"s:115:4:115:59":6}}}
,"D:\\Projem\\src\\data\\hadiths.js": {"path":"D:\\Projem\\src\\data\\hadiths.js","statementMap":{"0":{"start":{"line":4,"column":32},"end":{"line":13,"column":1}},"1":{"start":{"line":15,"column":23},"end":{"line":759,"column":1}},"2":{"start":{"line":762,"column":30},"end":{"line":766,"column":1}},"3":{"start":{"line":763,"column":22},"end":{"line":763,"column":113}},"4":{"start":{"line":764,"column":18},"end":{"line":764,"column":44}},"5":{"start":{"line":765,"column":4},"end":{"line":765,"column":26}},"6":{"start":{"line":769,"column":36},"end":{"line":771,"column":1}},"7":{"start":{"line":770,"column":4},"end":{"line":770,"column":58}},"8":{"start":{"line":770,"column":31},"end":{"line":770,"column":56}},"9":{"start":{"line":774,"column":31},"end":{"line":776,"column":1}},"10":{"start":{"line":775,"column":4},"end":{"line":775,"column":63}}},"fnMap":{"0":{"name":"(anonymous_0)","decl":{"start":{"line":762,"column":30},"end":{"line":762,"column":31}},"loc":{"start":{"line":762,"column":36},"end":{"line":766,"column":1}},"line":762},"1":{"name":"(anonymous_1)","decl":{"start":{"line":769,"column":36},"end":{"line":769,"column":37}},"loc":{"start":{"line":769,"column":52},"end":{"line":771,"column":1}},"line":769},"2":{"name":"(anonymous_2)","decl":{"start":{"line":770,"column":26},"end":{"line":770,"column":27}},"loc":{"start":{"line":770,"column":31},"end":{"line":770,"column":56}},"line":770},"3":{"name":"(anonymous_3)","decl":{"start":{"line":774,"column":31},"end":{"line":774,"column":32}},"loc":{"start":{"line":774,"column":37},"end":{"line":776,"column":1}},"line":774}},"branchMap":{},"s":{"0":1,"1":1,"2":1,"3":0,"4":0,"5":0,"6":1,"7":0,"8":0,"9":1,"10":0},"f":{"0":0,"1":0,"2":0,"3":0},"b":{},"meta":{"lastBranch":0,"lastFunction":4,"lastStatement":11,"seen":{"s:4:32:13:1":0,"s:15:23:759:1":1,"s:762:30:766:1":2,"f:762:30:762:31":0,"s:763:22:763:113":3,"s:764:18:764:44":4,"s:765:4:765:26":5,"s:769:36:771:1":6,"f:769:36:769:37":1,"s:770:4:770:58":7,"f:770:26:770:27":2,"s:770:31:770:56":8,"s:774:31:776:1":9,"f:774:31:774:32":3,"s:775:4:775:63":10}}}
,"D:\\Projem\\src\\data\\prayers.js": {"path":"D:\\Projem\\src\\data\\prayers.js","statementMap":{"0":{"start":{"line":3,"column":32},"end":{"line":74,"column":1}},"1":{"start":{"line":80,"column":23},"end":{"line":223,"column":1}}},"fnMap":{},"branchMap":{},"s":{"0":1,"1":1},"f":{},"b":{},"meta":{"lastBranch":0,"lastFunction":0,"lastStatement":2,"seen":{"s:3:32:74:1":0,"s:80:23:223:1":1}}}
,"D:\\Projem\\src\\data\\reviewedSourceRegistry.js": {"path":"D:\\Projem\\src\\data\\reviewedSourceRegistry.js","statementMap":{"0":{"start":{"line":3,"column":38},"end":{"line":8,"column":1}},"1":{"start":{"line":10,"column":32},"end":{"line":15,"column":1}},"2":{"start":{"line":17,"column":21},"end":{"line":17,"column":55}},"3":{"start":{"line":18,"column":22},"end":{"line":18,"column":61}},"4":{"start":{"line":20,"column":28},"end":{"line":22,"column":1}},"5":{"start":{"line":21,"column":2},"end":{"line":21,"column":null}},"6":{"start":{"line":24,"column":42},"end":{"line":33,"column":1}},"7":{"start":{"line":25,"column":23},"end":{"line":27,"column":45}},"8":{"start":{"line":29,"column":2},"end":{"line":32,"column":null}},"9":{"start":{"line":35,"column":43},"end":{"line":58,"column":1}},"10":{"start":{"line":44,"column":19},"end":{"line":44,"column":62}},"11":{"start":{"line":45,"column":30},"end":{"line":45,"column":80}},"12":{"start":{"line":46,"column":23},"end":{"line":46,"column":60}},"13":{"start":{"line":48,"column":2},"end":{"line":57,"column":null}},"14":{"start":{"line":60,"column":40},"end":{"line":60,"column":90}},"15":{"start":{"line":60,"column":56},"end":{"line":60,"column":90}}},"fnMap":{"0":{"name":"(anonymous_0)","decl":{"start":{"line":20,"column":28},"end":{"line":20,"column":29}},"loc":{"start":{"line":21,"column":2},"end":{"line":21,"column":null}},"line":21},"1":{"name":"(anonymous_1)","decl":{"start":{"line":24,"column":42},"end":{"line":24,"column":43}},"loc":{"start":{"line":24,"column":87},"end":{"line":33,"column":1}},"line":24},"2":{"name":"(anonymous_2)","decl":{"start":{"line":35,"column":43},"end":{"line":35,"column":44}},"loc":{"start":{"line":43,"column":11},"end":{"line":58,"column":1}},"line":43},"3":{"name":"(anonymous_3)","decl":{"start":{"line":60,"column":40},"end":{"line":60,"column":41}},"loc":{"start":{"line":60,"column":56},"end":{"line":60,"column":90}},"line":60}},"branchMap":{"0":{"loc":{"start":{"line":17,"column":21},"end":{"line":17,"column":55}},"type":"binary-expr","locations":[{"start":{"line":17,"column":21},"end":{"line":17,"column":49}},{"start":{"line":17,"column":53},"end":{"line":17,"column":55}}],"line":17},"1":{"loc":{"start":{"line":18,"column":22},"end":{"line":18,"column":61}},"type":"binary-expr","locations":[{"start":{"line":18,"column":22},"end":{"line":18,"column":55}},{"start":{"line":18,"column":59},"end":{"line":18,"column":61}}],"line":18},"2":{"loc":{"start":{"line":20,"column":36},"end":{"line":20,"column":55}},"type":"default-arg","locations":[{"start":{"line":20,"column":47},"end":{"line":20,"column":55}}],"line":20},"3":{"loc":{"start":{"line":21,"column":2},"end":{"line":21,"column":null}},"type":"cond-expr","locations":[{"start":{"line":21,"column":46},"end":{"line":21,"column":51}},{"start":{"line":21,"column":54},"end":{"line":21,"column":null}}],"line":21},"4":{"loc":{"start":{"line":24,"column":43},"end":{"line":24,"column":59}},"type":"default-arg","locations":[{"start":{"line":24,"column":50},"end":{"line":24,"column":59}}],"line":24},"5":{"loc":{"start":{"line":24,"column":61},"end":{"line":24,"column":82}},"type":"default-arg","locations":[{"start":{"line":24,"column":73},"end":{"line":24,"column":82}}],"line":24},"6":{"loc":{"start":{"line":25,"column":23},"end":{"line":27,"column":45}},"type":"cond-expr","locations":[{"start":{"line":26,"column":6},"end":{"line":26,"column":null}},{"start":{"line":27,"column":7},"end":{"line":27,"column":44}}],"line":25},"7":{"loc":{"start":{"line":27,"column":7},"end":{"line":27,"column":44}},"type":"binary-expr","locations":[{"start":{"line":27,"column":7},"end":{"line":27,"column":31}},{"start":{"line":27,"column":35},"end":{"line":27,"column":44}}],"line":27},"8":{"loc":{"start":{"line":31,"column":8},"end":{"line":31,"column":40}},"type":"binary-expr","locations":[{"start":{"line":31,"column":8},"end":{"line":31,"column":34}},{"start":{"line":31,"column":38},"end":{"line":31,"column":40}}],"line":31},"9":{"loc":{"start":{"line":35,"column":44},"end":{"line":43,"column":6}},"type":"default-arg","locations":[{"start":{"line":43,"column":4},"end":{"line":43,"column":6}}],"line":35},"10":{"loc":{"start":{"line":36,"column":2},"end":{"line":36,"column":23}},"type":"default-arg","locations":[{"start":{"line":36,"column":14},"end":{"line":36,"column":23}}],"line":36},"11":{"loc":{"start":{"line":37,"column":2},"end":{"line":37,"column":13}},"type":"default-arg","locations":[{"start":{"line":37,"column":7},"end":{"line":37,"column":13}}],"line":37},"12":{"loc":{"start":{"line":38,"column":2},"end":{"line":38,"column":27}},"type":"default-arg","locations":[{"start":{"line":38,"column":10},"end":{"line":38,"column":27}}],"line":38},"13":{"loc":{"start":{"line":39,"column":2},"end":{"line":39,"column":18}},"type":"default-arg","locations":[{"start":{"line":39,"column":9},"end":{"line":39,"column":18}}],"line":39},"14":{"loc":{"start":{"line":45,"column":30},"end":{"line":45,"column":80}},"type":"binary-expr","locations":[{"start":{"line":45,"column":30},"end":{"line":45,"column":67}},{"start":{"line":45,"column":71},"end":{"line":45,"column":80}}],"line":45},"15":{"loc":{"start":{"line":45,"column":37},"end":{"line":45,"column":59}},"type":"binary-expr","locations":[{"start":{"line":45,"column":37},"end":{"line":45,"column":46}},{"start":{"line":45,"column":50},"end":{"line":45,"column":59}}],"line":45},"16":{"loc":{"start":{"line":46,"column":23},"end":{"line":46,"column":60}},"type":"binary-expr","locations":[{"start":{"line":46,"column":23},"end":{"line":46,"column":50}},{"start":{"line":46,"column":54},"end":{"line":46,"column":60}}],"line":46},"17":{"loc":{"start":{"line":46,"column":30},"end":{"line":46,"column":42}},"type":"binary-expr","locations":[{"start":{"line":46,"column":30},"end":{"line":46,"column":32}},{"start":{"line":46,"column":36},"end":{"line":46,"column":42}}],"line":46},"18":{"loc":{"start":{"line":50,"column":18},"end":{"line":50,"column":44}},"type":"binary-expr","locations":[{"start":{"line":50,"column":18},"end":{"line":50,"column":23}},{"start":{"line":50,"column":27},"end":{"line":50,"column":44}}],"line":50},"19":{"loc":{"start":{"line":51,"column":17},"end":{"line":51,"column":51}},"type":"binary-expr","locations":[{"start":{"line":51,"column":17},"end":{"line":51,"column":21}},{"start":{"line":51,"column":25},"end":{"line":51,"column":38}},{"start":{"line":51,"column":42},"end":{"line":51,"column":51}}],"line":51},"20":{"loc":{"start":{"line":52,"column":18},"end":{"line":54,"column":29}},"type":"cond-expr","locations":[{"start":{"line":53,"column":8},"end":{"line":53,"column":null}},{"start":{"line":54,"column":8},"end":{"line":54,"column":29}}],"line":52},"21":{"loc":{"start":{"line":56,"column":19},"end":{"line":56,"column":63}},"type":"binary-expr","locations":[{"start":{"line":56,"column":19},"end":{"line":56,"column":25}},{"start":{"line":56,"column":29},"end":{"line":56,"column":44}},{"start":{"line":56,"column":48},"end":{"line":56,"column":63}}],"line":56},"22":{"loc":{"start":{"line":60,"column":41},"end":{"line":60,"column":51}},"type":"default-arg","locations":[{"start":{"line":60,"column":49},"end":{"line":60,"column":51}}],"line":60}},"s":{"0":1,"1":1,"2":1,"3":1,"4":1,"5":5,"6":1,"7":5,"8":5,"9":1,"10":5,"11":5,"12":5,"13":5,"14":1,"15":5},"f":{"0":5,"1":5,"2":5,"3":5},"b":{"0":[1,0],"1":[1,0],"2":[5],"3":[2,3],"4":[5],"5":[5],"6":[5,0],"7":[0,0],"8":[5,0],"9":[5],"10":[5],"11":[5],"12":[5],"13":[5],"14":[5,0],"15":[5,0],"16":[5,0],"17":[5,0],"18":[5,0],"19":[5,0,0],"20":[0,5],"21":[5,5,0],"22":[5]},"meta":{"lastBranch":23,"lastFunction":4,"lastStatement":16,"seen":{"s:3:38:8:1":0,"s:10:32:15:1":1,"s:17:21:17:55":2,"b:17:21:17:49:17:53:17:55":0,"s:18:22:18:61":3,"b:18:22:18:55:18:59:18:61":1,"s:20:28:22:1":4,"f:20:28:20:29":0,"s:21:2:21:Infinity":5,"b:20:47:20:55":2,"b:21:46:21:51:21:54:21:Infinity":3,"s:24:42:33:1":6,"f:24:42:24:43":1,"b:24:50:24:59":4,"b:24:73:24:82":5,"s:25:23:27:45":7,"b:26:6:26:Infinity:27:7:27:44":6,"b:27:7:27:31:27:35:27:44":7,"s:29:2:32:Infinity":8,"b:31:8:31:34:31:38:31:40":8,"s:35:43:58:1":9,"f:35:43:35:44":2,"b:43:4:43:6":9,"b:36:14:36:23":10,"b:37:7:37:13":11,"b:38:10:38:27":12,"b:39:9:39:18":13,"s:44:19:44:62":10,"s:45:30:45:80":11,"b:45:30:45:67:45:71:45:80":14,"b:45:37:45:46:45:50:45:59":15,"s:46:23:46:60":12,"b:46:23:46:50:46:54:46:60":16,"b:46:30:46:32:46:36:46:42":17,"s:48:2:57:Infinity":13,"b:50:18:50:23:50:27:50:44":18,"b:51:17:51:21:51:25:51:38:51:42:51:51":19,"b:53:8:53:Infinity:54:8:54:29":20,"b:56:19:56:25:56:29:56:44:56:48:56:63":21,"s:60:40:60:90":14,"f:60:40:60:41":3,"s:60:56:60:90":15,"b:60:49:60:51":22}}}
,"D:\\Projem\\src\\data\\surahList.js": {"path":"D:\\Projem\\src\\data\\surahList.js","statementMap":{"0":{"start":{"line":2,"column":25},"end":{"line":117,"column":1}},"1":{"start":{"line":120,"column":24},"end":{"line":126,"column":1}}},"fnMap":{},"branchMap":{},"s":{"0":1,"1":1},"f":{},"b":{},"meta":{"lastBranch":0,"lastFunction":0,"lastStatement":2,"seen":{"s:2:25:117:1":0,"s:120:24:126:1":1}}}
,"D:\\Projem\\src\\data\\spiritualInterventions\\index.js": {"path":"D:\\Projem\\src\\data\\spiritualInterventions\\index.js","statementMap":{"0":{"start":{"line":1,"column":23},"end":{"line":258,"column":1}},"1":{"start":{"line":260,"column":33},"end":{"line":264,"column":1}},"2":{"start":{"line":266,"column":20},"end":{"line":270,"column":1}},"3":{"start":{"line":272,"column":31},"end":{"line":331,"column":1}},"4":{"start":{"line":333,"column":33},"end":{"line":392,"column":1}},"5":{"start":{"line":394,"column":39},"end":{"line":410,"column":1}},"6":{"start":{"line":412,"column":24},"end":{"line":443,"column":1}},"7":{"start":{"line":445,"column":27},"end":{"line":476,"column":1}},"8":{"start":{"line":478,"column":22},"end":{"line":489,"column":1}},"9":{"start":{"line":491,"column":19},"end":{"line":491,"column":85}},"10":{"start":{"line":492,"column":25},"end":{"line":492,"column":66}},"11":{"start":{"line":494,"column":31},"end":{"line":508,"column":1}},"12":{"start":{"line":495,"column":2},"end":{"line":497,"column":null}},"13":{"start":{"line":496,"column":4},"end":{"line":496,"column":null}},"14":{"start":{"line":499,"column":2},"end":{"line":501,"column":null}},"15":{"start":{"line":500,"column":4},"end":{"line":500,"column":null}},"16":{"start":{"line":503,"column":2},"end":{"line":505,"column":null}},"17":{"start":{"line":504,"column":4},"end":{"line":504,"column":null}},"18":{"start":{"line":507,"column":2},"end":{"line":507,"column":null}},"19":{"start":{"line":510,"column":23},"end":{"line":512,"column":1}},"20":{"start":{"line":511,"column":2},"end":{"line":511,"column":null}},"21":{"start":{"line":514,"column":22},"end":{"line":538,"column":1}},"22":{"start":{"line":515,"column":19},"end":{"line":515,"column":63}},"23":{"start":{"line":516,"column":19},"end":{"line":516,"column":59}},"24":{"start":{"line":518,"column":20},"end":{"line":534,"column":3}},"25":{"start":{"line":536,"column":19},"end":{"line":536,"column":39}},"26":{"start":{"line":537,"column":2},"end":{"line":537,"column":null}},"27":{"start":{"line":540,"column":24},"end":{"line":547,"column":1}},"28":{"start":{"line":541,"column":28},"end":{"line":541,"column":74}},"29":{"start":{"line":542,"column":29},"end":{"line":542,"column":70}},"30":{"start":{"line":544,"column":2},"end":{"line":546,"column":null}},"31":{"start":{"line":549,"column":19},"end":{"line":580,"column":1}},"32":{"start":{"line":557,"column":17},"end":{"line":557,"column":41}},"33":{"start":{"line":558,"column":26},"end":{"line":558,"column":82}},"34":{"start":{"line":560,"column":2},"end":{"line":579,"column":null}},"35":{"start":{"line":582,"column":22},"end":{"line":582,"column":24}},"36":{"start":{"line":583,"column":16},"end":{"line":583,"column":17}},"37":{"start":{"line":585,"column":0},"end":{"line":599,"column":null}},"38":{"start":{"line":586,"column":2},"end":{"line":598,"column":null}},"39":{"start":{"line":587,"column":20},"end":{"line":587,"column":57}},"40":{"start":{"line":588,"column":4},"end":{"line":597,"column":null}},"41":{"start":{"line":589,"column":6},"end":{"line":596,"column":null}},"42":{"start":{"line":601,"column":0},"end":{"line":615,"column":null}},"43":{"start":{"line":602,"column":2},"end":{"line":614,"column":null}},"44":{"start":{"line":603,"column":20},"end":{"line":603,"column":60}},"45":{"start":{"line":604,"column":4},"end":{"line":613,"column":null}},"46":{"start":{"line":605,"column":6},"end":{"line":612,"column":null}},"47":{"start":{"line":617,"column":0},"end":{"line":626,"column":null}},"48":{"start":{"line":618,"column":2},"end":{"line":625,"column":null}},"49":{"start":{"line":628,"column":0},"end":{"line":630,"column":null}},"50":{"start":{"line":629,"column":2},"end":{"line":629,"column":null}}},"fnMap":{"0":{"name":"(anonymous_0)","decl":{"start":{"line":494,"column":31},"end":{"line":494,"column":32}},"loc":{"start":{"line":494,"column":69},"end":{"line":508,"column":1}},"line":494},"1":{"name":"(anonymous_1)","decl":{"start":{"line":510,"column":23},"end":{"line":510,"column":24}},"loc":{"start":{"line":511,"column":2},"end":{"line":511,"column":null}},"line":511},"2":{"name":"(anonymous_2)","decl":{"start":{"line":514,"column":22},"end":{"line":514,"column":23}},"loc":{"start":{"line":514,"column":77},"end":{"line":538,"column":1}},"line":514},"3":{"name":"(anonymous_3)","decl":{"start":{"line":540,"column":24},"end":{"line":540,"column":25}},"loc":{"start":{"line":540,"column":96},"end":{"line":547,"column":1}},"line":540},"4":{"name":"(anonymous_4)","decl":{"start":{"line":549,"column":19},"end":{"line":549,"column":20}},"loc":{"start":{"line":556,"column":6},"end":{"line":580,"column":1}},"line":556},"5":{"name":"(anonymous_5)","decl":{"start":{"line":588,"column":20},"end":{"line":588,"column":21}},"loc":{"start":{"line":588,"column":48},"end":{"line":597,"column":5}},"line":588},"6":{"name":"(anonymous_6)","decl":{"start":{"line":604,"column":20},"end":{"line":604,"column":21}},"loc":{"start":{"line":604,"column":48},"end":{"line":613,"column":5}},"line":604},"7":{"name":"(anonymous_7)","decl":{"start":{"line":617,"column":22},"end":{"line":617,"column":23}},"loc":{"start":{"line":617,"column":40},"end":{"line":626,"column":1}},"line":617}},"branchMap":{"0":{"loc":{"start":{"line":495,"column":2},"end":{"line":497,"column":null}},"type":"if","locations":[{"start":{"line":495,"column":2},"end":{"line":497,"column":null}},{"start":{},"end":{}}],"line":495},"1":{"loc":{"start":{"line":496,"column":11},"end":{"line":496,"column":65}},"type":"cond-expr","locations":[{"start":{"line":496,"column":40},"end":{"line":496,"column":50}},{"start":{"line":496,"column":53},"end":{"line":496,"column":65}}],"line":496},"2":{"loc":{"start":{"line":499,"column":2},"end":{"line":501,"column":null}},"type":"if","locations":[{"start":{"line":499,"column":2},"end":{"line":501,"column":null}},{"start":{},"end":{}}],"line":499},"3":{"loc":{"start":{"line":499,"column":6},"end":{"line":499,"column":62}},"type":"binary-expr","locations":[{"start":{"line":499,"column":6},"end":{"line":499,"column":36}},{"start":{"line":499,"column":40},"end":{"line":499,"column":62}}],"line":499},"4":{"loc":{"start":{"line":503,"column":2},"end":{"line":505,"column":null}},"type":"if","locations":[{"start":{"line":503,"column":2},"end":{"line":505,"column":null}},{"start":{},"end":{}}],"line":503},"5":{"loc":{"start":{"line":503,"column":6},"end":{"line":503,"column":57}},"type":"binary-expr","locations":[{"start":{"line":503,"column":6},"end":{"line":503,"column":32}},{"start":{"line":503,"column":36},"end":{"line":503,"column":57}}],"line":503},"6":{"loc":{"start":{"line":504,"column":11},"end":{"line":504,"column":67}},"type":"cond-expr","locations":[{"start":{"line":504,"column":36},"end":{"line":504,"column":54}},{"start":{"line":504,"column":57},"end":{"line":504,"column":67}}],"line":504},"7":{"loc":{"start":{"line":507,"column":9},"end":{"line":507,"column":58}},"type":"binary-expr","locations":[{"start":{"line":507,"column":9},"end":{"line":507,"column":44}},{"start":{"line":507,"column":48},"end":{"line":507,"column":58}}],"line":507},"8":{"loc":{"start":{"line":628,"column":0},"end":{"line":630,"column":null}},"type":"if","locations":[{"start":{"line":628,"column":0},"end":{"line":630,"column":null}},{"start":{},"end":{}}],"line":628}},"s":{"0":2,"1":2,"2":2,"3":2,"4":2,"5":2,"6":2,"7":2,"8":2,"9":2,"10":2,"11":2,"12":200,"13":24,"14":176,"15":16,"16":160,"17":48,"18":112,"19":2,"20":200,"21":2,"22":200,"23":200,"24":200,"25":200,"26":200,"27":2,"28":200,"29":200,"30":200,"31":2,"32":200,"33":200,"34":200,"35":2,"36":2,"37":2,"38":12,"39":36,"40":36,"41":108,"42":2,"43":12,"44":36,"45":36,"46":72,"47":2,"48":20,"49":2,"50":0},"f":{"0":200,"1":200,"2":200,"3":200,"4":200,"5":108,"6":72,"7":20},"b":{"0":[24,176],"1":[10,14],"2":[16,160],"3":[176,50],"4":[48,112],"5":[160,138],"6":[12,36],"7":[112,0],"8":[0,2]},"meta":{"lastBranch":9,"lastFunction":8,"lastStatement":51,"seen":{"s:1:23:258:1":0,"s:260:33:264:1":1,"s:266:20:270:1":2,"s:272:31:331:1":3,"s:333:33:392:1":4,"s:394:39:410:1":5,"s:412:24:443:1":6,"s:445:27:476:1":7,"s:478:22:489:1":8,"s:491:19:491:85":9,"s:492:25:492:66":10,"s:494:31:508:1":11,"f:494:31:494:32":0,"b:495:2:497:Infinity:undefined:undefined:undefined:undefined":0,"s:495:2:497:Infinity":12,"s:496:4:496:Infinity":13,"b:496:40:496:50:496:53:496:65":1,"b:499:2:501:Infinity:undefined:undefined:undefined:undefined":2,"s:499:2:501:Infinity":14,"b:499:6:499:36:499:40:499:62":3,"s:500:4:500:Infinity":15,"b:503:2:505:Infinity:undefined:undefined:undefined:undefined":4,"s:503:2:505:Infinity":16,"b:503:6:503:32:503:36:503:57":5,"s:504:4:504:Infinity":17,"b:504:36:504:54:504:57:504:67":6,"s:507:2:507:Infinity":18,"b:507:9:507:44:507:48:507:58":7,"s:510:23:512:1":19,"f:510:23:510:24":1,"s:511:2:511:Infinity":20,"s:514:22:538:1":21,"f:514:22:514:23":2,"s:515:19:515:63":22,"s:516:19:516:59":23,"s:518:20:534:3":24,"s:536:19:536:39":25,"s:537:2:537:Infinity":26,"s:540:24:547:1":27,"f:540:24:540:25":3,"s:541:28:541:74":28,"s:542:29:542:70":29,"s:544:2:546:Infinity":30,"s:549:19:580:1":31,"f:549:19:549:20":4,"s:557:17:557:41":32,"s:558:26:558:82":33,"s:560:2:579:Infinity":34,"s:582:22:582:24":35,"s:583:16:583:17":36,"s:585:0:599:Infinity":37,"s:586:2:598:Infinity":38,"s:587:20:587:57":39,"s:588:4:597:Infinity":40,"f:588:20:588:21":5,"s:589:6:596:Infinity":41,"s:601:0:615:Infinity":42,"s:602:2:614:Infinity":43,"s:603:20:603:60":44,"s:604:4:613:Infinity":45,"f:604:20:604:21":6,"s:605:6:612:Infinity":46,"s:617:0:626:Infinity":47,"f:617:22:617:23":7,"s:618:2:625:Infinity":48,"b:628:0:630:Infinity:undefined:undefined:undefined:undefined":8,"s:628:0:630:Infinity":49,"s:629:2:629:Infinity":50}}}
,"D:\\Projem\\src\\services\\aiContextService.js": {"path":"D:\\Projem\\src\\services\\aiContextService.js","statementMap":{"0":{"start":{"line":9,"column":23},"end":{"line":9,"column":79}},"1":{"start":{"line":9,"column":29},"end":{"line":9,"column":79}},"2":{"start":{"line":10,"column":35},"end":{"line":10,"column":95}},"3":{"start":{"line":10,"column":41},"end":{"line":10,"column":95}},"4":{"start":{"line":12,"column":30},"end":{"line":92,"column":1}},"5":{"start":{"line":25,"column":24},"end":{"line":25,"column":40}},"6":{"start":{"line":26,"column":24},"end":{"line":26,"column":69}},"7":{"start":{"line":27,"column":25},"end":{"line":27,"column":46}},"8":{"start":{"line":28,"column":28},"end":{"line":28,"column":56}},"9":{"start":{"line":29,"column":21},"end":{"line":29,"column":44}},"10":{"start":{"line":31,"column":2},"end":{"line":91,"column":null}}},"fnMap":{"0":{"name":"(anonymous_0)","decl":{"start":{"line":9,"column":23},"end":{"line":9,"column":24}},"loc":{"start":{"line":9,"column":29},"end":{"line":9,"column":79}},"line":9},"1":{"name":"(anonymous_1)","decl":{"start":{"line":10,"column":35},"end":{"line":10,"column":36}},"loc":{"start":{"line":10,"column":41},"end":{"line":10,"column":95}},"line":10},"2":{"name":"(anonymous_2)","decl":{"start":{"line":12,"column":30},"end":{"line":12,"column":31}},"loc":{"start":{"line":24,"column":11},"end":{"line":92,"column":1}},"line":24}},"branchMap":{"0":{"loc":{"start":{"line":12,"column":31},"end":{"line":24,"column":6}},"type":"default-arg","locations":[{"start":{"line":24,"column":4},"end":{"line":24,"column":6}}],"line":12},"1":{"loc":{"start":{"line":13,"column":2},"end":{"line":13,"column":20}},"type":"default-arg","locations":[{"start":{"line":13,"column":14},"end":{"line":13,"column":20}}],"line":13},"2":{"loc":{"start":{"line":14,"column":2},"end":{"line":14,"column":22}},"type":"default-arg","locations":[{"start":{"line":14,"column":18},"end":{"line":14,"column":22}}],"line":14},"3":{"loc":{"start":{"line":15,"column":2},"end":{"line":15,"column":19}},"type":"default-arg","locations":[{"start":{"line":15,"column":15},"end":{"line":15,"column":19}}],"line":15},"4":{"loc":{"start":{"line":16,"column":2},"end":{"line":16,"column":21}},"type":"default-arg","locations":[{"start":{"line":16,"column":17},"end":{"line":16,"column":21}}],"line":16},"5":{"loc":{"start":{"line":17,"column":2},"end":{"line":17,"column":16}},"type":"default-arg","locations":[{"start":{"line":17,"column":12},"end":{"line":17,"column":16}}],"line":17},"6":{"loc":{"start":{"line":18,"column":2},"end":{"line":18,"column":19}},"type":"default-arg","locations":[{"start":{"line":18,"column":15},"end":{"line":18,"column":19}}],"line":18},"7":{"loc":{"start":{"line":19,"column":2},"end":{"line":19,"column":19}},"type":"default-arg","locations":[{"start":{"line":19,"column":17},"end":{"line":19,"column":19}}],"line":19},"8":{"loc":{"start":{"line":20,"column":2},"end":{"line":20,"column":19}},"type":"default-arg","locations":[{"start":{"line":20,"column":14},"end":{"line":20,"column":19}}],"line":20},"9":{"loc":{"start":{"line":21,"column":2},"end":{"line":21,"column":15}},"type":"default-arg","locations":[{"start":{"line":21,"column":11},"end":{"line":21,"column":15}}],"line":21},"10":{"loc":{"start":{"line":22,"column":2},"end":{"line":22,"column":25}},"type":"default-arg","locations":[{"start":{"line":22,"column":21},"end":{"line":22,"column":25}}],"line":22},"11":{"loc":{"start":{"line":23,"column":2},"end":{"line":23,"column":22}},"type":"default-arg","locations":[{"start":{"line":23,"column":18},"end":{"line":23,"column":22}}],"line":23},"12":{"loc":{"start":{"line":36,"column":25},"end":{"line":36,"column":43}},"type":"binary-expr","locations":[{"start":{"line":36,"column":25},"end":{"line":36,"column":37}},{"start":{"line":36,"column":41},"end":{"line":36,"column":43}}],"line":36},"13":{"loc":{"start":{"line":43,"column":15},"end":{"line":43,"column":72}},"type":"binary-expr","locations":[{"start":{"line":43,"column":15},"end":{"line":43,"column":34}},{"start":{"line":43,"column":38},"end":{"line":43,"column":67}},{"start":{"line":43,"column":71},"end":{"line":43,"column":72}}],"line":43},"14":{"loc":{"start":{"line":44,"column":15},"end":{"line":44,"column":72}},"type":"binary-expr","locations":[{"start":{"line":44,"column":15},"end":{"line":44,"column":34}},{"start":{"line":44,"column":38},"end":{"line":44,"column":67}},{"start":{"line":44,"column":71},"end":{"line":44,"column":72}}],"line":44},"15":{"loc":{"start":{"line":45,"column":19},"end":{"line":45,"column":62}},"type":"binary-expr","locations":[{"start":{"line":45,"column":19},"end":{"line":45,"column":57}},{"start":{"line":45,"column":61},"end":{"line":45,"column":62}}],"line":45},"16":{"loc":{"start":{"line":46,"column":18},"end":{"line":46,"column":60}},"type":"binary-expr","locations":[{"start":{"line":46,"column":18},"end":{"line":46,"column":55}},{"start":{"line":46,"column":59},"end":{"line":46,"column":60}}],"line":46},"17":{"loc":{"start":{"line":47,"column":18},"end":{"line":47,"column":60}},"type":"binary-expr","locations":[{"start":{"line":47,"column":18},"end":{"line":47,"column":55}},{"start":{"line":47,"column":59},"end":{"line":47,"column":60}}],"line":47},"18":{"loc":{"start":{"line":50,"column":18},"end":{"line":50,"column":41}},"type":"binary-expr","locations":[{"start":{"line":50,"column":18},"end":{"line":50,"column":33}},{"start":{"line":50,"column":37},"end":{"line":50,"column":41}}],"line":50},"19":{"loc":{"start":{"line":51,"column":23},"end":{"line":51,"column":47}},"type":"binary-expr","locations":[{"start":{"line":51,"column":23},"end":{"line":51,"column":39}},{"start":{"line":51,"column":43},"end":{"line":51,"column":47}}],"line":51},"20":{"loc":{"start":{"line":52,"column":15},"end":{"line":52,"column":30}},"type":"binary-expr","locations":[{"start":{"line":52,"column":15},"end":{"line":52,"column":22}},{"start":{"line":52,"column":26},"end":{"line":52,"column":30}}],"line":52},"21":{"loc":{"start":{"line":54,"column":18},"end":{"line":67,"column":12}},"type":"cond-expr","locations":[{"start":{"line":55,"column":8},"end":{"line":66,"column":null}},{"start":{"line":67,"column":8},"end":{"line":67,"column":12}}],"line":54},"22":{"loc":{"start":{"line":56,"column":20},"end":{"line":56,"column":50}},"type":"binary-expr","locations":[{"start":{"line":56,"column":20},"end":{"line":56,"column":44}},{"start":{"line":56,"column":48},"end":{"line":56,"column":50}}],"line":56},"23":{"loc":{"start":{"line":57,"column":20},"end":{"line":57,"column":84}},"type":"binary-expr","locations":[{"start":{"line":57,"column":20},"end":{"line":57,"column":49}},{"start":{"line":57,"column":53},"end":{"line":57,"column":78}},{"start":{"line":57,"column":82},"end":{"line":57,"column":84}}],"line":57},"24":{"loc":{"start":{"line":58,"column":26},"end":{"line":58,"column":62}},"type":"binary-expr","locations":[{"start":{"line":58,"column":26},"end":{"line":58,"column":56}},{"start":{"line":58,"column":60},"end":{"line":58,"column":62}}],"line":58},"25":{"loc":{"start":{"line":59,"column":22},"end":{"line":59,"column":63}},"type":"binary-expr","locations":[{"start":{"line":59,"column":22},"end":{"line":59,"column":48}},{"start":{"line":59,"column":52},"end":{"line":59,"column":63}}],"line":59},"26":{"loc":{"start":{"line":75,"column":14},"end":{"line":81,"column":14}},"type":"cond-expr","locations":[{"start":{"line":76,"column":10},"end":{"line":80,"column":null}},{"start":{"line":81,"column":10},"end":{"line":81,"column":14}}],"line":75},"27":{"loc":{"start":{"line":77,"column":16},"end":{"line":77,"column":33}},"type":"binary-expr","locations":[{"start":{"line":77,"column":16},"end":{"line":77,"column":25}},{"start":{"line":77,"column":29},"end":{"line":77,"column":33}}],"line":77},"28":{"loc":{"start":{"line":78,"column":18},"end":{"line":78,"column":39}},"type":"binary-expr","locations":[{"start":{"line":78,"column":18},"end":{"line":78,"column":29}},{"start":{"line":78,"column":33},"end":{"line":78,"column":39}}],"line":78},"29":{"loc":{"start":{"line":79,"column":25},"end":{"line":79,"column":96}},"type":"cond-expr","locations":[{"start":{"line":79,"column":64},"end":{"line":79,"column":92}},{"start":{"line":79,"column":95},"end":{"line":79,"column":96}}],"line":79},"30":{"loc":{"start":{"line":82,"column":24},"end":{"line":88,"column":14}},"type":"cond-expr","locations":[{"start":{"line":83,"column":10},"end":{"line":87,"column":null}},{"start":{"line":88,"column":10},"end":{"line":88,"column":14}}],"line":82},"31":{"loc":{"start":{"line":84,"column":19},"end":{"line":84,"column":47}},"type":"binary-expr","locations":[{"start":{"line":84,"column":19},"end":{"line":84,"column":41}},{"start":{"line":84,"column":45},"end":{"line":84,"column":47}}],"line":84},"32":{"loc":{"start":{"line":85,"column":26},"end":{"line":85,"column":68}},"type":"binary-expr","locations":[{"start":{"line":85,"column":26},"end":{"line":85,"column":63}},{"start":{"line":85,"column":67},"end":{"line":85,"column":68}}],"line":85},"33":{"loc":{"start":{"line":86,"column":25},"end":{"line":86,"column":66}},"type":"binary-expr","locations":[{"start":{"line":86,"column":25},"end":{"line":86,"column":61}},{"start":{"line":86,"column":65},"end":{"line":86,"column":66}}],"line":86},"34":{"loc":{"start":{"line":89,"column":21},"end":{"line":89,"column":42}},"type":"binary-expr","locations":[{"start":{"line":89,"column":21},"end":{"line":89,"column":34}},{"start":{"line":89,"column":38},"end":{"line":89,"column":42}}],"line":89}},"s":{"0":1,"1":0,"2":1,"3":0,"4":1,"5":0,"6":0,"7":0,"8":0,"9":0,"10":0},"f":{"0":0,"1":0,"2":0},"b":{"0":[0],"1":[0],"2":[0],"3":[0],"4":[0],"5":[0],"6":[0],"7":[0],"8":[0],"9":[0],"10":[0],"11":[0],"12":[0,0],"13":[0,0,0],"14":[0,0,0],"15":[0,0],"16":[0,0],"17":[0,0],"18":[0,0],"19":[0,0],"20":[0,0],"21":[0,0],"22":[0,0],"23":[0,0,0],"24":[0,0],"25":[0,0],"26":[0,0],"27":[0,0],"28":[0,0],"29":[0,0],"30":[0,0],"31":[0,0],"32":[0,0],"33":[0,0],"34":[0,0]},"meta":{"lastBranch":35,"lastFunction":3,"lastStatement":11,"seen":{"s:9:23:9:79":0,"f:9:23:9:24":0,"s:9:29:9:79":1,"s:10:35:10:95":2,"f:10:35:10:36":1,"s:10:41:10:95":3,"s:12:30:92:1":4,"f:12:30:12:31":2,"b:24:4:24:6":0,"b:13:14:13:20":1,"b:14:18:14:22":2,"b:15:15:15:19":3,"b:16:17:16:21":4,"b:17:12:17:16":5,"b:18:15:18:19":6,"b:19:17:19:19":7,"b:20:14:20:19":8,"b:21:11:21:15":9,"b:22:21:22:25":10,"b:23:18:23:22":11,"s:25:24:25:40":5,"s:26:24:26:69":6,"s:27:25:27:46":7,"s:28:28:28:56":8,"s:29:21:29:44":9,"s:31:2:91:Infinity":10,"b:36:25:36:37:36:41:36:43":12,"b:43:15:43:34:43:38:43:67:43:71:43:72":13,"b:44:15:44:34:44:38:44:67:44:71:44:72":14,"b:45:19:45:57:45:61:45:62":15,"b:46:18:46:55:46:59:46:60":16,"b:47:18:47:55:47:59:47:60":17,"b:50:18:50:33:50:37:50:41":18,"b:51:23:51:39:51:43:51:47":19,"b:52:15:52:22:52:26:52:30":20,"b:55:8:66:Infinity:67:8:67:12":21,"b:56:20:56:44:56:48:56:50":22,"b:57:20:57:49:57:53:57:78:57:82:57:84":23,"b:58:26:58:56:58:60:58:62":24,"b:59:22:59:48:59:52:59:63":25,"b:76:10:80:Infinity:81:10:81:14":26,"b:77:16:77:25:77:29:77:33":27,"b:78:18:78:29:78:33:78:39":28,"b:79:64:79:92:79:95:79:96":29,"b:83:10:87:Infinity:88:10:88:14":30,"b:84:19:84:41:84:45:84:47":31,"b:85:26:85:63:85:67:85:68":32,"b:86:25:86:61:86:65:86:66":33,"b:89:21:89:34:89:38:89:42":34}}}
,"D:\\Projem\\src\\services\\aiHealthDiagnosticsService.js": {"path":"D:\\Projem\\src\\services\\aiHealthDiagnosticsService.js","statementMap":{"0":{"start":{"line":1,"column":23},"end":{"line":6,"column":1}},"1":{"start":{"line":8,"column":21},"end":{"line":12,"column":1}},"2":{"start":{"line":14,"column":28},"end":{"line":16,"column":1}},"3":{"start":{"line":15,"column":2},"end":{"line":15,"column":null}},"4":{"start":{"line":18,"column":36},"end":{"line":60,"column":1}},"5":{"start":{"line":19,"column":2},"end":{"line":30,"column":null}},"6":{"start":{"line":20,"column":4},"end":{"line":29,"column":null}},"7":{"start":{"line":32,"column":21},"end":{"line":32,"column":61}},"8":{"start":{"line":33,"column":22},"end":{"line":33,"column":102}},"9":{"start":{"line":34,"column":23},"end":{"line":34,"column":103}},"10":{"start":{"line":36,"column":15},"end":{"line":36,"column":24}},"11":{"start":{"line":37,"column":16},"end":{"line":37,"column":18}},"12":{"start":{"line":39,"column":2},"end":{"line":47,"column":null}},"13":{"start":{"line":40,"column":4},"end":{"line":40,"column":null}},"14":{"start":{"line":41,"column":4},"end":{"line":41,"column":null}},"15":{"start":{"line":42,"column":9},"end":{"line":47,"column":null}},"16":{"start":{"line":43,"column":4},"end":{"line":43,"column":null}},"17":{"start":{"line":44,"column":4},"end":{"line":46,"column":null}},"18":{"start":{"line":49,"column":2},"end":{"line":59,"column":null}},"19":{"start":{"line":62,"column":36},"end":{"line":89,"column":1}},"20":{"start":{"line":63,"column":19},"end":{"line":68,"column":3}},"21":{"start":{"line":70,"column":24},"end":{"line":72,"column":15}},"22":{"start":{"line":71,"column":4},"end":{"line":71,"column":null}},"23":{"start":{"line":74,"column":22},"end":{"line":74,"column":80}},"24":{"start":{"line":74,"column":48},"end":{"line":74,"column":72}},"25":{"start":{"line":75,"column":21},"end":{"line":75,"column":78}},"26":{"start":{"line":75,"column":47},"end":{"line":75,"column":70}},"27":{"start":{"line":76,"column":23},"end":{"line":79,"column":64}},"28":{"start":{"line":77,"column":19},"end":{"line":77,"column":34}},"29":{"start":{"line":78,"column":23},"end":{"line":78,"column":37}},"30":{"start":{"line":79,"column":36},"end":{"line":79,"column":60}},"31":{"start":{"line":81,"column":2},"end":{"line":88,"column":null}}},"fnMap":{"0":{"name":"(anonymous_0)","decl":{"start":{"line":14,"column":28},"end":{"line":14,"column":29}},"loc":{"start":{"line":15,"column":2},"end":{"line":15,"column":null}},"line":15},"1":{"name":"(anonymous_1)","decl":{"start":{"line":18,"column":36},"end":{"line":18,"column":37}},"loc":{"start":{"line":18,"column":63},"end":{"line":60,"column":1}},"line":18},"2":{"name":"(anonymous_2)","decl":{"start":{"line":62,"column":36},"end":{"line":62,"column":37}},"loc":{"start":{"line":62,"column":53},"end":{"line":89,"column":1}},"line":62},"3":{"name":"(anonymous_3)","decl":{"start":{"line":70,"column":40},"end":{"line":70,"column":41}},"loc":{"start":{"line":71,"column":4},"end":{"line":71,"column":null}},"line":71},"4":{"name":"(anonymous_4)","decl":{"start":{"line":74,"column":38},"end":{"line":74,"column":39}},"loc":{"start":{"line":74,"column":48},"end":{"line":74,"column":72}},"line":74},"5":{"name":"(anonymous_5)","decl":{"start":{"line":75,"column":37},"end":{"line":75,"column":38}},"loc":{"start":{"line":75,"column":47},"end":{"line":75,"column":70}},"line":75},"6":{"name":"(anonymous_6)","decl":{"start":{"line":77,"column":9},"end":{"line":77,"column":10}},"loc":{"start":{"line":77,"column":19},"end":{"line":77,"column":34}},"line":77},"7":{"name":"(anonymous_7)","decl":{"start":{"line":78,"column":12},"end":{"line":78,"column":13}},"loc":{"start":{"line":78,"column":23},"end":{"line":78,"column":37}},"line":78},"8":{"name":"(anonymous_8)","decl":{"start":{"line":79,"column":12},"end":{"line":79,"column":13}},"loc":{"start":{"line":79,"column":36},"end":{"line":79,"column":60}},"line":79}},"branchMap":{"0":{"loc":{"start":{"line":15,"column":2},"end":{"line":15,"column":null}},"type":"cond-expr","locations":[{"start":{"line":15,"column":35},"end":{"line":15,"column":74}},{"start":{"line":15,"column":77},"end":{"line":15,"column":null}}],"line":15},"1":{"loc":{"start":{"line":19,"column":2},"end":{"line":30,"column":null}},"type":"if","locations":[{"start":{"line":19,"column":2},"end":{"line":30,"column":null}},{"start":{},"end":{}}],"line":19},"2":{"loc":{"start":{"line":19,"column":6},"end":{"line":19,"column":47}},"type":"binary-expr","locations":[{"start":{"line":19,"column":6},"end":{"line":19,"column":15}},{"start":{"line":19,"column":19},"end":{"line":19,"column":47}}],"line":19},"3":{"loc":{"start":{"line":22,"column":13},"end":{"line":22,"column":55}},"type":"binary-expr","locations":[{"start":{"line":22,"column":13},"end":{"line":22,"column":40}},{"start":{"line":22,"column":44},"end":{"line":22,"column":55}}],"line":22},"4":{"loc":{"start":{"line":33,"column":22},"end":{"line":33,"column":102}},"type":"cond-expr","locations":[{"start":{"line":33,"column":70},"end":{"line":33,"column":98}},{"start":{"line":33,"column":101},"end":{"line":33,"column":102}}],"line":33},"5":{"loc":{"start":{"line":34,"column":23},"end":{"line":34,"column":103}},"type":"cond-expr","locations":[{"start":{"line":34,"column":67},"end":{"line":34,"column":88}},{"start":{"line":34,"column":91},"end":{"line":34,"column":103}}],"line":34},"6":{"loc":{"start":{"line":39,"column":2},"end":{"line":47,"column":null}},"type":"if","locations":[{"start":{"line":39,"column":2},"end":{"line":47,"column":null}},{"start":{"line":42,"column":9},"end":{"line":47,"column":null}}],"line":39},"7":{"loc":{"start":{"line":39,"column":6},"end":{"line":39,"column":79}},"type":"binary-expr","locations":[{"start":{"line":39,"column":6},"end":{"line":39,"column":35}},{"start":{"line":39,"column":39},"end":{"line":39,"column":58}},{"start":{"line":39,"column":62},"end":{"line":39,"column":79}}],"line":39},"8":{"loc":{"start":{"line":42,"column":9},"end":{"line":47,"column":null}},"type":"if","locations":[{"start":{"line":42,"column":9},"end":{"line":47,"column":null}},{"start":{},"end":{}}],"line":42},"9":{"loc":{"start":{"line":42,"column":13},"end":{"line":42,"column":113}},"type":"binary-expr","locations":[{"start":{"line":42,"column":13},"end":{"line":42,"column":48}},{"start":{"line":42,"column":52},"end":{"line":42,"column":69}},{"start":{"line":42,"column":73},"end":{"line":42,"column":92}},{"start":{"line":42,"column":96},"end":{"line":42,"column":113}}],"line":42},"10":{"loc":{"start":{"line":44,"column":14},"end":{"line":46,"column":35}},"type":"cond-expr","locations":[{"start":{"line":45,"column":8},"end":{"line":45,"column":null}},{"start":{"line":46,"column":8},"end":{"line":46,"column":35}}],"line":44},"11":{"loc":{"start":{"line":51,"column":11},"end":{"line":51,"column":53}},"type":"binary-expr","locations":[{"start":{"line":51,"column":11},"end":{"line":51,"column":38}},{"start":{"line":51,"column":42},"end":{"line":51,"column":53}}],"line":51},"12":{"loc":{"start":{"line":56,"column":14},"end":{"line":56,"column":84}},"type":"cond-expr","locations":[{"start":{"line":56,"column":54},"end":{"line":56,"column":71}},{"start":{"line":56,"column":74},"end":{"line":56,"column":84}}],"line":56},"13":{"loc":{"start":{"line":58,"column":18},"end":{"line":58,"column":90}},"type":"cond-expr","locations":[{"start":{"line":58,"column":62},"end":{"line":58,"column":83}},{"start":{"line":58,"column":86},"end":{"line":58,"column":90}}],"line":58},"14":{"loc":{"start":{"line":62,"column":37},"end":{"line":62,"column":48}},"type":"default-arg","locations":[{"start":{"line":62,"column":46},"end":{"line":62,"column":48}}],"line":62},"15":{"loc":{"start":{"line":71,"column":4},"end":{"line":71,"column":null}},"type":"cond-expr","locations":[{"start":{"line":71,"column":56},"end":{"line":71,"column":67}},{"start":{"line":71,"column":70},"end":{"line":71,"column":null}}],"line":71},"16":{"loc":{"start":{"line":85,"column":18},"end":{"line":85,"column":69}},"type":"cond-expr","locations":[{"start":{"line":85,"column":50},"end":{"line":85,"column":62}},{"start":{"line":85,"column":65},"end":{"line":85,"column":69}}],"line":85},"17":{"loc":{"start":{"line":87,"column":22},"end":{"line":87,"column":98}},"type":"cond-expr","locations":[{"start":{"line":87,"column":68},"end":{"line":87,"column":91}},{"start":{"line":87,"column":94},"end":{"line":87,"column":98}}],"line":87}},"s":{"0":1,"1":1,"2":1,"3":4,"4":1,"5":4,"6":0,"7":4,"8":4,"9":4,"10":4,"11":4,"12":4,"13":1,"14":1,"15":3,"16":1,"17":1,"18":4,"19":1,"20":1,"21":1,"22":4,"23":1,"24":4,"25":1,"26":4,"27":1,"28":4,"29":4,"30":4,"31":1},"f":{"0":4,"1":4,"2":1,"3":4,"4":4,"5":4,"6":4,"7":4,"8":4},"b":{"0":[4,0],"1":[0,4],"2":[4,4],"3":[0,0],"4":[4,0],"5":[4,0],"6":[1,3],"7":[4,3,3],"8":[1,2],"9":[3,3,3,3],"10":[0,1],"11":[4,0],"12":[4,0],"13":[0,4],"14":[1],"15":[1,3],"16":[1,0],"17":[0,1]},"meta":{"lastBranch":18,"lastFunction":9,"lastStatement":32,"seen":{"s:1:23:6:1":0,"s:8:21:12:1":1,"s:14:28:16:1":2,"f:14:28:14:29":0,"s:15:2:15:Infinity":3,"b:15:35:15:74:15:77:15:Infinity":0,"s:18:36:60:1":4,"f:18:36:18:37":1,"b:19:2:30:Infinity:undefined:undefined:undefined:undefined":1,"s:19:2:30:Infinity":5,"b:19:6:19:15:19:19:19:47":2,"s:20:4:29:Infinity":6,"b:22:13:22:40:22:44:22:55":3,"s:32:21:32:61":7,"s:33:22:33:102":8,"b:33:70:33:98:33:101:33:102":4,"s:34:23:34:103":9,"b:34:67:34:88:34:91:34:103":5,"s:36:15:36:24":10,"s:37:16:37:18":11,"b:39:2:47:Infinity:42:9:47:Infinity":6,"s:39:2:47:Infinity":12,"b:39:6:39:35:39:39:39:58:39:62:39:79":7,"s:40:4:40:Infinity":13,"s:41:4:41:Infinity":14,"b:42:9:47:Infinity:undefined:undefined:undefined:undefined":8,"s:42:9:47:Infinity":15,"b:42:13:42:48:42:52:42:69:42:73:42:92:42:96:42:113":9,"s:43:4:43:Infinity":16,"s:44:4:46:Infinity":17,"b:45:8:45:Infinity:46:8:46:35":10,"s:49:2:59:Infinity":18,"b:51:11:51:38:51:42:51:53":11,"b:56:54:56:71:56:74:56:84":12,"b:58:62:58:83:58:86:58:90":13,"s:62:36:89:1":19,"f:62:36:62:37":2,"b:62:46:62:48":14,"s:63:19:68:3":20,"s:70:24:72:15":21,"f:70:40:70:41":3,"s:71:4:71:Infinity":22,"b:71:56:71:67:71:70:71:Infinity":15,"s:74:22:74:80":23,"f:74:38:74:39":4,"s:74:48:74:72":24,"s:75:21:75:78":25,"f:75:37:75:38":5,"s:75:47:75:70":26,"s:76:23:79:64":27,"f:77:9:77:10":6,"s:77:19:77:34":28,"f:78:12:78:13":7,"s:78:23:78:37":29,"f:79:12:79:13":8,"s:79:36:79:60":30,"s:81:2:88:Infinity":31,"b:85:50:85:62:85:65:85:69":16,"b:87:68:87:91:87:94:87:98":17}}}
,"D:\\Projem\\src\\services\\aiHealthSnapshotService.js": {"path":"D:\\Projem\\src\\services\\aiHealthSnapshotService.js","statementMap":{"0":{"start":{"line":8,"column":21},"end":{"line":8,"column":34}},"1":{"start":{"line":9,"column":26},"end":{"line":15,"column":1}},"2":{"start":{"line":17,"column":38},"end":{"line":32,"column":1}},"3":{"start":{"line":18,"column":2},"end":{"line":18,"column":null}},"4":{"start":{"line":18,"column":14},"end":{"line":18,"column":null}},"5":{"start":{"line":19,"column":2},"end":{"line":21,"column":null}},"6":{"start":{"line":20,"column":4},"end":{"line":20,"column":null}},"7":{"start":{"line":22,"column":2},"end":{"line":24,"column":null}},"8":{"start":{"line":23,"column":4},"end":{"line":23,"column":null}},"9":{"start":{"line":25,"column":2},"end":{"line":27,"column":null}},"10":{"start":{"line":26,"column":4},"end":{"line":26,"column":null}},"11":{"start":{"line":28,"column":2},"end":{"line":30,"column":null}},"12":{"start":{"line":29,"column":4},"end":{"line":29,"column":null}},"13":{"start":{"line":31,"column":2},"end":{"line":31,"column":null}},"14":{"start":{"line":34,"column":23},"end":{"line":44,"column":1}},"15":{"start":{"line":35,"column":2},"end":{"line":35,"column":null}},"16":{"start":{"line":35,"column":43},"end":{"line":35,"column":null}},"17":{"start":{"line":36,"column":2},"end":{"line":43,"column":null}},"18":{"start":{"line":46,"column":25},"end":{"line":64,"column":1}},"19":{"start":{"line":47,"column":2},"end":{"line":47,"column":null}},"20":{"start":{"line":47,"column":43},"end":{"line":47,"column":null}},"21":{"start":{"line":49,"column":2},"end":{"line":63,"column":null}},"22":{"start":{"line":66,"column":26},"end":{"line":75,"column":1}},"23":{"start":{"line":67,"column":15},"end":{"line":67,"column":62}},"24":{"start":{"line":68,"column":2},"end":{"line":74,"column":null}},"25":{"start":{"line":77,"column":42},"end":{"line":79,"column":1}},"26":{"start":{"line":78,"column":2},"end":{"line":78,"column":null}},"27":{"start":{"line":81,"column":36},"end":{"line":104,"column":1}},"28":{"start":{"line":82,"column":19},"end":{"line":82,"column":79}},"29":{"start":{"line":83,"column":14},"end":{"line":83,"column":24}},"30":{"start":{"line":85,"column":2},"end":{"line":87,"column":null}},"31":{"start":{"line":86,"column":4},"end":{"line":86,"column":null}},"32":{"start":{"line":89,"column":2},"end":{"line":103,"column":null}},"33":{"start":{"line":90,"column":19},"end":{"line":90,"column":50}},"34":{"start":{"line":91,"column":4},"end":{"line":93,"column":null}},"35":{"start":{"line":92,"column":6},"end":{"line":92,"column":null}},"36":{"start":{"line":95,"column":21},"end":{"line":95,"column":83}},"37":{"start":{"line":96,"column":17},"end":{"line":96,"column":91}},"38":{"start":{"line":97,"column":4},"end":{"line":97,"column":null}},"39":{"start":{"line":98,"column":4},"end":{"line":98,"column":null}},"40":{"start":{"line":99,"column":4},"end":{"line":99,"column":null}},"41":{"start":{"line":101,"column":4},"end":{"line":101,"column":null}},"42":{"start":{"line":102,"column":4},"end":{"line":102,"column":null}},"43":{"start":{"line":106,"column":35},"end":{"line":121,"column":1}},"44":{"start":{"line":107,"column":17},"end":{"line":107,"column":52}},"45":{"start":{"line":109,"column":2},"end":{"line":120,"column":null}},"46":{"start":{"line":111,"column":6},"end":{"line":111,"column":null}},"47":{"start":{"line":113,"column":6},"end":{"line":113,"column":null}},"48":{"start":{"line":115,"column":6},"end":{"line":115,"column":null}},"49":{"start":{"line":117,"column":6},"end":{"line":117,"column":null}},"50":{"start":{"line":119,"column":6},"end":{"line":119,"column":null}}},"fnMap":{"0":{"name":"(anonymous_0)","decl":{"start":{"line":17,"column":38},"end":{"line":17,"column":39}},"loc":{"start":{"line":17,"column":49},"end":{"line":32,"column":1}},"line":17},"1":{"name":"(anonymous_1)","decl":{"start":{"line":34,"column":23},"end":{"line":34,"column":24}},"loc":{"start":{"line":34,"column":34},"end":{"line":44,"column":1}},"line":34},"2":{"name":"(anonymous_2)","decl":{"start":{"line":46,"column":25},"end":{"line":46,"column":26}},"loc":{"start":{"line":46,"column":36},"end":{"line":64,"column":1}},"line":46},"3":{"name":"(anonymous_3)","decl":{"start":{"line":66,"column":26},"end":{"line":66,"column":27}},"loc":{"start":{"line":66,"column":37},"end":{"line":75,"column":1}},"line":66},"4":{"name":"(anonymous_4)","decl":{"start":{"line":77,"column":42},"end":{"line":77,"column":43}},"loc":{"start":{"line":78,"column":2},"end":{"line":78,"column":null}},"line":78},"5":{"name":"(anonymous_5)","decl":{"start":{"line":81,"column":36},"end":{"line":81,"column":41}},"loc":{"start":{"line":81,"column":77},"end":{"line":104,"column":1}},"line":81},"6":{"name":"(anonymous_6)","decl":{"start":{"line":106,"column":35},"end":{"line":106,"column":40}},"loc":{"start":{"line":106,"column":65},"end":{"line":121,"column":1}},"line":106}},"branchMap":{"0":{"loc":{"start":{"line":18,"column":2},"end":{"line":18,"column":null}},"type":"if","locations":[{"start":{"line":18,"column":2},"end":{"line":18,"column":null}},{"start":{},"end":{}}],"line":18},"1":{"loc":{"start":{"line":19,"column":2},"end":{"line":21,"column":null}},"type":"if","locations":[{"start":{"line":19,"column":2},"end":{"line":21,"column":null}},{"start":{},"end":{}}],"line":19},"2":{"loc":{"start":{"line":22,"column":2},"end":{"line":24,"column":null}},"type":"if","locations":[{"start":{"line":22,"column":2},"end":{"line":24,"column":null}},{"start":{},"end":{}}],"line":22},"3":{"loc":{"start":{"line":25,"column":2},"end":{"line":27,"column":null}},"type":"if","locations":[{"start":{"line":25,"column":2},"end":{"line":27,"column":null}},{"start":{},"end":{}}],"line":25},"4":{"loc":{"start":{"line":28,"column":2},"end":{"line":30,"column":null}},"type":"if","locations":[{"start":{"line":28,"column":2},"end":{"line":30,"column":null}},{"start":{},"end":{}}],"line":28},"5":{"loc":{"start":{"line":35,"column":2},"end":{"line":35,"column":null}},"type":"if","locations":[{"start":{"line":35,"column":2},"end":{"line":35,"column":null}},{"start":{},"end":{}}],"line":35},"6":{"loc":{"start":{"line":35,"column":6},"end":{"line":35,"column":41}},"type":"binary-expr","locations":[{"start":{"line":35,"column":6},"end":{"line":35,"column":12}},{"start":{"line":35,"column":16},"end":{"line":35,"column":41}}],"line":35},"7":{"loc":{"start":{"line":37,"column":14},"end":{"line":37,"column":86}},"type":"cond-expr","locations":[{"start":{"line":37,"column":51},"end":{"line":37,"column":79}},{"start":{"line":37,"column":82},"end":{"line":37,"column":86}}],"line":37},"8":{"loc":{"start":{"line":38,"column":11},"end":{"line":38,"column":90}},"type":"cond-expr","locations":[{"start":{"line":38,"column":45},"end":{"line":38,"column":70}},{"start":{"line":38,"column":73},"end":{"line":38,"column":90}}],"line":38},"9":{"loc":{"start":{"line":39,"column":10},"end":{"line":39,"column":78}},"type":"cond-expr","locations":[{"start":{"line":39,"column":43},"end":{"line":39,"column":66}},{"start":{"line":39,"column":69},"end":{"line":39,"column":78}}],"line":39},"10":{"loc":{"start":{"line":40,"column":18},"end":{"line":40,"column":105}},"type":"cond-expr","locations":[{"start":{"line":40,"column":59},"end":{"line":40,"column":90}},{"start":{"line":40,"column":93},"end":{"line":40,"column":105}}],"line":40},"11":{"loc":{"start":{"line":41,"column":16},"end":{"line":41,"column":98}},"type":"cond-expr","locations":[{"start":{"line":41,"column":71},"end":{"line":41,"column":87}},{"start":{"line":41,"column":90},"end":{"line":41,"column":98}}],"line":41},"12":{"loc":{"start":{"line":42,"column":12},"end":{"line":42,"column":84}},"type":"cond-expr","locations":[{"start":{"line":42,"column":47},"end":{"line":42,"column":72}},{"start":{"line":42,"column":75},"end":{"line":42,"column":84}}],"line":42},"13":{"loc":{"start":{"line":47,"column":2},"end":{"line":47,"column":null}},"type":"if","locations":[{"start":{"line":47,"column":2},"end":{"line":47,"column":null}},{"start":{},"end":{}}],"line":47},"14":{"loc":{"start":{"line":47,"column":6},"end":{"line":47,"column":41}},"type":"binary-expr","locations":[{"start":{"line":47,"column":6},"end":{"line":47,"column":12}},{"start":{"line":47,"column":16},"end":{"line":47,"column":41}}],"line":47},"15":{"loc":{"start":{"line":50,"column":10},"end":{"line":50,"column":78}},"type":"cond-expr","locations":[{"start":{"line":50,"column":43},"end":{"line":50,"column":66}},{"start":{"line":50,"column":69},"end":{"line":50,"column":78}}],"line":50},"16":{"loc":{"start":{"line":51,"column":14},"end":{"line":51,"column":91}},"type":"cond-expr","locations":[{"start":{"line":51,"column":51},"end":{"line":51,"column":78}},{"start":{"line":51,"column":81},"end":{"line":51,"column":91}}],"line":51},"17":{"loc":{"start":{"line":52,"column":16},"end":{"line":52,"column":94}},"type":"cond-expr","locations":[{"start":{"line":52,"column":71},"end":{"line":52,"column":87}},{"start":{"line":52,"column":90},"end":{"line":52,"column":94}}],"line":52},"18":{"loc":{"start":{"line":53,"column":18},"end":{"line":53,"column":105}},"type":"cond-expr","locations":[{"start":{"line":53,"column":59},"end":{"line":53,"column":90}},{"start":{"line":53,"column":93},"end":{"line":53,"column":105}}],"line":53},"19":{"loc":{"start":{"line":54,"column":16},"end":{"line":54,"column":91}},"type":"cond-expr","locations":[{"start":{"line":54,"column":60},"end":{"line":54,"column":84}},{"start":{"line":54,"column":87},"end":{"line":54,"column":91}}],"line":54},"20":{"loc":{"start":{"line":55,"column":17},"end":{"line":55,"column":91}},"type":"cond-expr","locations":[{"start":{"line":55,"column":62},"end":{"line":55,"column":87}},{"start":{"line":55,"column":90},"end":{"line":55,"column":91}}],"line":55},"21":{"loc":{"start":{"line":57,"column":14},"end":{"line":57,"column":85}},"type":"cond-expr","locations":[{"start":{"line":57,"column":51},"end":{"line":57,"column":78}},{"start":{"line":57,"column":81},"end":{"line":57,"column":85}}],"line":57},"22":{"loc":{"start":{"line":58,"column":12},"end":{"line":58,"column":79}},"type":"cond-expr","locations":[{"start":{"line":58,"column":47},"end":{"line":58,"column":72}},{"start":{"line":58,"column":75},"end":{"line":58,"column":79}}],"line":58},"23":{"loc":{"start":{"line":59,"column":20},"end":{"line":59,"column":103}},"type":"cond-expr","locations":[{"start":{"line":59,"column":63},"end":{"line":59,"column":96}},{"start":{"line":59,"column":99},"end":{"line":59,"column":103}}],"line":59},"24":{"loc":{"start":{"line":60,"column":17},"end":{"line":60,"column":94}},"type":"cond-expr","locations":[{"start":{"line":60,"column":62},"end":{"line":60,"column":87}},{"start":{"line":60,"column":90},"end":{"line":60,"column":94}}],"line":60},"25":{"loc":{"start":{"line":61,"column":22},"end":{"line":61,"column":109}},"type":"cond-expr","locations":[{"start":{"line":61,"column":67},"end":{"line":61,"column":102}},{"start":{"line":61,"column":105},"end":{"line":61,"column":109}}],"line":61},"26":{"loc":{"start":{"line":62,"column":13},"end":{"line":62,"column":110}},"type":"cond-expr","locations":[{"start":{"line":62,"column":44},"end":{"line":62,"column":105}},{"start":{"line":62,"column":108},"end":{"line":62,"column":110}}],"line":62},"27":{"loc":{"start":{"line":67,"column":15},"end":{"line":67,"column":62}},"type":"cond-expr","locations":[{"start":{"line":67,"column":52},"end":{"line":67,"column":57}},{"start":{"line":67,"column":60},"end":{"line":67,"column":62}}],"line":67},"28":{"loc":{"start":{"line":67,"column":15},"end":{"line":67,"column":49}},"type":"binary-expr","locations":[{"start":{"line":67,"column":15},"end":{"line":67,"column":20}},{"start":{"line":67,"column":24},"end":{"line":67,"column":49}}],"line":67},"29":{"loc":{"start":{"line":81,"column":43},"end":{"line":81,"column":72}},"type":"default-arg","locations":[{"start":{"line":81,"column":70},"end":{"line":81,"column":72}}],"line":81},"30":{"loc":{"start":{"line":81,"column":45},"end":{"line":81,"column":65}},"type":"default-arg","locations":[{"start":{"line":81,"column":60},"end":{"line":81,"column":65}}],"line":81},"31":{"loc":{"start":{"line":85,"column":2},"end":{"line":87,"column":null}},"type":"if","locations":[{"start":{"line":85,"column":2},"end":{"line":87,"column":null}},{"start":{},"end":{}}],"line":85},"32":{"loc":{"start":{"line":85,"column":6},"end":{"line":85,"column":68}},"type":"binary-expr","locations":[{"start":{"line":85,"column":6},"end":{"line":85,"column":19}},{"start":{"line":85,"column":23},"end":{"line":85,"column":35}},{"start":{"line":85,"column":39},"end":{"line":85,"column":68}}],"line":85},"33":{"loc":{"start":{"line":91,"column":4},"end":{"line":93,"column":null}},"type":"if","locations":[{"start":{"line":91,"column":4},"end":{"line":93,"column":null}},{"start":{},"end":{}}],"line":91},"34":{"loc":{"start":{"line":96,"column":35},"end":{"line":96,"column":90}},"type":"cond-expr","locations":[{"start":{"line":96,"column":55},"end":{"line":96,"column":70}},{"start":{"line":96,"column":73},"end":{"line":96,"column":90}}],"line":96},"35":{"loc":{"start":{"line":106,"column":48},"end":{"line":106,"column":60}},"type":"default-arg","locations":[{"start":{"line":106,"column":58},"end":{"line":106,"column":60}}],"line":106},"36":{"loc":{"start":{"line":109,"column":2},"end":{"line":120,"column":null}},"type":"switch","locations":[{"start":{"line":110,"column":4},"end":{"line":111,"column":null}},{"start":{"line":112,"column":4},"end":{"line":113,"column":null}},{"start":{"line":114,"column":4},"end":{"line":115,"column":null}},{"start":{"line":116,"column":4},"end":{"line":117,"column":null}},{"start":{"line":118,"column":4},"end":{"line":119,"column":null}}],"line":109}},"s":{"0":1,"1":1,"2":1,"3":1,"4":0,"5":1,"6":0,"7":1,"8":1,"9":0,"10":0,"11":0,"12":0,"13":0,"14":1,"15":0,"16":0,"17":0,"18":1,"19":0,"20":0,"21":0,"22":1,"23":0,"24":0,"25":1,"26":0,"27":1,"28":0,"29":0,"30":0,"31":0,"32":0,"33":0,"34":0,"35":0,"36":0,"37":0,"38":0,"39":0,"40":0,"41":0,"42":0,"43":1,"44":0,"45":0,"46":0,"47":0,"48":0,"49":0,"50":0},"f":{"0":1,"1":0,"2":0,"3":0,"4":0,"5":0,"6":0},"b":{"0":[0,1],"1":[0,1],"2":[1,0],"3":[0,0],"4":[0,0],"5":[0,0],"6":[0,0],"7":[0,0],"8":[0,0],"9":[0,0],"10":[0,0],"11":[0,0],"12":[0,0],"13":[0,0],"14":[0,0],"15":[0,0],"16":[0,0],"17":[0,0],"18":[0,0],"19":[0,0],"20":[0,0],"21":[0,0],"22":[0,0],"23":[0,0],"24":[0,0],"25":[0,0],"26":[0,0],"27":[0,0],"28":[0,0],"29":[0],"30":[0],"31":[0,0],"32":[0,0,0],"33":[0,0],"34":[0,0],"35":[0],"36":[0,0,0,0,0]},"meta":{"lastBranch":37,"lastFunction":7,"lastStatement":51,"seen":{"s:8:21:8:34":0,"s:9:26:15:1":1,"s:17:38:32:1":2,"f:17:38:17:39":0,"b:18:2:18:Infinity:undefined:undefined:undefined:undefined":0,"s:18:2:18:Infinity":3,"s:18:14:18:Infinity":4,"b:19:2:21:Infinity:undefined:undefined:undefined:undefined":1,"s:19:2:21:Infinity":5,"s:20:4:20:Infinity":6,"b:22:2:24:Infinity:undefined:undefined:undefined:undefined":2,"s:22:2:24:Infinity":7,"s:23:4:23:Infinity":8,"b:25:2:27:Infinity:undefined:undefined:undefined:undefined":3,"s:25:2:27:Infinity":9,"s:26:4:26:Infinity":10,"b:28:2:30:Infinity:undefined:undefined:undefined:undefined":4,"s:28:2:30:Infinity":11,"s:29:4:29:Infinity":12,"s:31:2:31:Infinity":13,"s:34:23:44:1":14,"f:34:23:34:24":1,"b:35:2:35:Infinity:undefined:undefined:undefined:undefined":5,"s:35:2:35:Infinity":15,"b:35:6:35:12:35:16:35:41":6,"s:35:43:35:Infinity":16,"s:36:2:43:Infinity":17,"b:37:51:37:79:37:82:37:86":7,"b:38:45:38:70:38:73:38:90":8,"b:39:43:39:66:39:69:39:78":9,"b:40:59:40:90:40:93:40:105":10,"b:41:71:41:87:41:90:41:98":11,"b:42:47:42:72:42:75:42:84":12,"s:46:25:64:1":18,"f:46:25:46:26":2,"b:47:2:47:Infinity:undefined:undefined:undefined:undefined":13,"s:47:2:47:Infinity":19,"b:47:6:47:12:47:16:47:41":14,"s:47:43:47:Infinity":20,"s:49:2:63:Infinity":21,"b:50:43:50:66:50:69:50:78":15,"b:51:51:51:78:51:81:51:91":16,"b:52:71:52:87:52:90:52:94":17,"b:53:59:53:90:53:93:53:105":18,"b:54:60:54:84:54:87:54:91":19,"b:55:62:55:87:55:90:55:91":20,"b:57:51:57:78:57:81:57:85":21,"b:58:47:58:72:58:75:58:79":22,"b:59:63:59:96:59:99:59:103":23,"b:60:62:60:87:60:90:60:94":24,"b:61:67:61:102:61:105:61:109":25,"b:62:44:62:105:62:108:62:110":26,"s:66:26:75:1":22,"f:66:26:66:27":3,"s:67:15:67:62":23,"b:67:52:67:57:67:60:67:62":27,"b:67:15:67:20:67:24:67:49":28,"s:68:2:74:Infinity":24,"s:77:42:79:1":25,"f:77:42:77:43":4,"s:78:2:78:Infinity":26,"s:81:36:104:1":27,"f:81:36:81:41":5,"b:81:70:81:72":29,"b:81:60:81:65":30,"s:82:19:82:79":28,"s:83:14:83:24":29,"b:85:2:87:Infinity:undefined:undefined:undefined:undefined":31,"s:85:2:87:Infinity":30,"b:85:6:85:19:85:23:85:35:85:39:85:68":32,"s:86:4:86:Infinity":31,"s:89:2:103:Infinity":32,"s:90:19:90:50":33,"b:91:4:93:Infinity:undefined:undefined:undefined:undefined":33,"s:91:4:93:Infinity":34,"s:92:6:92:Infinity":35,"s:95:21:95:83":36,"s:96:17:96:91":37,"b:96:55:96:70:96:73:96:90":34,"s:97:4:97:Infinity":38,"s:98:4:98:Infinity":39,"s:99:4:99:Infinity":40,"s:101:4:101:Infinity":41,"s:102:4:102:Infinity":42,"s:106:35:121:1":43,"f:106:35:106:40":6,"b:106:58:106:60":35,"s:107:17:107:52":44,"b:110:4:111:Infinity:112:4:113:Infinity:114:4:115:Infinity:116:4:117:Infinity:118:4:119:Infinity":36,"s:109:2:120:Infinity":45,"s:111:6:111:Infinity":46,"s:113:6:113:Infinity":47,"s:115:6:115:Infinity":48,"s:117:6:117:Infinity":49,"s:119:6:119:Infinity":50}}}
[...]
,"D:\\Projem\\src\\utils\\logger.js": {"path":"D:\\Projem\\src\\utils\\logger.js","statementMap":{"0":{"start":{"line":10,"column":14},"end":{"line":10,"column":33}},"1":{"start":{"line":12,"column":22},"end":{"line":57,"column":1}},"2":{"start":{"line":17,"column":4},"end":{"line":17,"column":36}},"3":{"start":{"line":17,"column":15},"end":{"line":17,"column":36}},"4":{"start":{"line":24,"column":4},"end":{"line":24,"column":37}},"5":{"start":{"line":24,"column":15},"end":{"line":24,"column":37}},"6":{"start":{"line":33,"column":4},"end":{"line":33,"column":38}},"7":{"start":{"line":33,"column":15},"end":{"line":33,"column":38}},"8":{"start":{"line":40,"column":4},"end":{"line":40,"column":38}},"9":{"start":{"line":40,"column":15},"end":{"line":40,"column":38}},"10":{"start":{"line":47,"column":4},"end":{"line":47,"column":37}},"11":{"start":{"line":47,"column":15},"end":{"line":47,"column":37}}},"fnMap":{"0":{"name":"(anonymous_0)","decl":{"start":{"line":16,"column":7},"end":{"line":16,"column":8}},"loc":{"start":{"line":16,"column":20},"end":{"line":18,"column":3}},"line":16},"1":{"name":"(anonymous_1)","decl":{"start":{"line":23,"column":8},"end":{"line":23,"column":9}},"loc":{"start":{"line":23,"column":21},"end":{"line":25,"column":3}},"line":23},"2":{"name":"(anonymous_2)","decl":{"start":{"line":32,"column":9},"end":{"line":32,"column":10}},"loc":{"start":{"line":32,"column":22},"end":{"line":34,"column":3}},"line":32},"3":{"name":"(anonymous_3)","decl":{"start":{"line":39,"column":9},"end":{"line":39,"column":10}},"loc":{"start":{"line":39,"column":22},"end":{"line":41,"column":3}},"line":39},"4":{"name":"(anonymous_4)","decl":{"start":{"line":46,"column":8},"end":{"line":46,"column":9}},"loc":{"start":{"line":46,"column":21},"end":{"line":48,"column":3}},"line":46},"5":{"name":"(anonymous_5)","decl":{"start":{"line":54,"column":13},"end":{"line":54,"column":14}},"loc":{"start":{"line":54,"column":19},"end":{"line":56,"column":3}},"line":54}},"branchMap":{"0":{"loc":{"start":{"line":17,"column":4},"end":{"line":17,"column":36}},"type":"if","locations":[{"start":{"line":17,"column":4},"end":{"line":17,"column":36}},{"start":{},"end":{}}],"line":17},"1":{"loc":{"start":{"line":24,"column":4},"end":{"line":24,"column":37}},"type":"if","locations":[{"start":{"line":24,"column":4},"end":{"line":24,"column":37}},{"start":{},"end":{}}],"line":24},"2":{"loc":{"start":{"line":33,"column":4},"end":{"line":33,"column":38}},"type":"if","locations":[{"start":{"line":33,"column":4},"end":{"line":33,"column":38}},{"start":{},"end":{}}],"line":33},"3":{"loc":{"start":{"line":40,"column":4},"end":{"line":40,"column":38}},"type":"if","locations":[{"start":{"line":40,"column":4},"end":{"line":40,"column":38}},{"start":{},"end":{}}],"line":40},"4":{"loc":{"start":{"line":47,"column":4},"end":{"line":47,"column":37}},"type":"if","locations":[{"start":{"line":47,"column":4},"end":{"line":47,"column":37}},{"start":{},"end":{}}],"line":47}},"s":{"0":14,"1":14,"2":6,"3":6,"4":6,"5":6,"6":2,"7":2,"8":0,"9":0,"10":0,"11":0},"f":{"0":6,"1":6,"2":2,"3":0,"4":0,"5":0},"b":{"0":[6,0],"1":[6,0],"2":[2,0],"3":[0,0],"4":[0,0]},"meta":{"lastBranch":5,"lastFunction":6,"lastStatement":12,"seen":{"s:10:14:10:33":0,"s:12:22:57:1":1,"f:16:7:16:8":0,"b:17:4:17:36:undefined:undefined:undefined:undefined":0,"s:17:4:17:36":2,"s:17:15:17:36":3,"f:23:8:23:9":1,"b:24:4:24:37:undefined:undefined:undefined:undefined":1,"s:24:4:24:37":4,"s:24:15:24:37":5,"f:32:9:32:10":2,"b:33:4:33:38:undefined:undefined:undefined:undefined":2,"s:33:4:33:38":6,"s:33:15:33:38":7,"f:39:9:39:10":3,"b:40:4:40:38:undefined:undefined:undefined:undefined":3,"s:40:4:40:38":8,"s:40:15:40:38":9,"f:46:8:46:9":4,"b:47:4:47:37:undefined:undefined:undefined:undefined":4,"s:47:4:47:37":10,"s:47:15:47:37":11,"f:54:13:54:14":5}}}
,"D:\\Projem\\src\\utils\\primaryGoal.js": {"path":"D:\\Projem\\src\\utils\\primaryGoal.js","statementMap":{"0":{"start":{"line":4,"column":29},"end":{"line":38,"column":1}},"1":{"start":{"line":40,"column":36},"end":{"line":40,"column":51}},"2":{"start":{"line":42,"column":24},"end":{"line":48,"column":1}},"3":{"start":{"line":50,"column":36},"end":{"line":57,"column":1}},"4":{"start":{"line":51,"column":21},"end":{"line":51,"column":47}},"5":{"start":{"line":52,"column":2},"end":{"line":54,"column":null}},"6":{"start":{"line":53,"column":4},"end":{"line":53,"column":null}},"7":{"start":{"line":56,"column":2},"end":{"line":56,"column":null}},"8":{"start":{"line":59,"column":36},"end":{"line":62,"column":1}},"9":{"start":{"line":60,"column":21},"end":{"line":60,"column":99}},"10":{"start":{"line":61,"column":2},"end":{"line":61,"column":null}},"11":{"start":{"line":64,"column":36},"end":{"line":68,"column":1}},"12":{"start":{"line":65,"column":21},"end":{"line":65,"column":49}},"13":{"start":{"line":66,"column":2},"end":{"line":66,"column":null}},"14":{"start":{"line":67,"column":2},"end":{"line":67,"column":null}},"15":{"start":{"line":70,"column":36},"end":{"line":72,"column":1}},"16":{"start":{"line":71,"column":2},"end":{"line":71,"column":null}}},"fnMap":{"0":{"name":"(anonymous_0)","decl":{"start":{"line":50,"column":36},"end":{"line":50,"column":37}},"loc":{"start":{"line":50,"column":47},"end":{"line":57,"column":1}},"line":50},"1":{"name":"(anonymous_1)","decl":{"start":{"line":59,"column":36},"end":{"line":59,"column":37}},"loc":{"start":{"line":59,"column":42},"end":{"line":62,"column":1}},"line":59},"2":{"name":"(anonymous_2)","decl":{"start":{"line":64,"column":36},"end":{"line":64,"column":37}},"loc":{"start":{"line":64,"column":48},"end":{"line":68,"column":1}},"line":64},"3":{"name":"(anonymous_3)","decl":{"start":{"line":70,"column":36},"end":{"line":70,"column":37}},"loc":{"start":{"line":70,"column":48},"end":{"line":72,"column":1}},"line":70}},"branchMap":{"0":{"loc":{"start":{"line":51,"column":28},"end":{"line":51,"column":39}},"type":"binary-expr","locations":[{"start":{"line":51,"column":28},"end":{"line":51,"column":33}},{"start":{"line":51,"column":37},"end":{"line":51,"column":39}}],"line":51},"1":{"loc":{"start":{"line":52,"column":2},"end":{"line":54,"column":null}},"type":"if","locations":[{"start":{"line":52,"column":2},"end":{"line":54,"column":null}},{"start":{},"end":{}}],"line":52},"2":{"loc":{"start":{"line":56,"column":9},"end":{"line":56,"column":60}},"type":"binary-expr","locations":[{"start":{"line":56,"column":9},"end":{"line":56,"column":36}},{"start":{"line":56,"column":40},"end":{"line":56,"column":60}}],"line":56},"3":{"loc":{"start":{"line":71,"column":9},"end":{"line":71,"column":91}},"type":"binary-expr","locations":[{"start":{"line":71,"column":9},"end":{"line":71,"column":52}},{"start":{"line":71,"column":56},"end":{"line":71,"column":91}}],"line":71}},"s":{"0":3,"1":3,"2":3,"3":3,"4":1,"5":1,"6":1,"7":0,"8":3,"9":1,"10":1,"11":3,"12":0,"13":0,"14":0,"15":3,"16":0},"f":{"0":1,"1":1,"2":0,"3":0},"b":{"0":[1,0],"1":[1,0],"2":[0,0],"3":[0,0]},"meta":{"lastBranch":4,"lastFunction":4,"lastStatement":17,"seen":{"s:4:29:38:1":0,"s:40:36:40:51":1,"s:42:24:48:1":2,"s:50:36:57:1":3,"f:50:36:50:37":0,"s:51:21:51:47":4,"b:51:28:51:33:51:37:51:39":0,"b:52:2:54:Infinity:undefined:undefined:undefined:undefined":1,"s:52:2:54:Infinity":5,"s:53:4:53:Infinity":6,"s:56:2:56:Infinity":7,"b:56:9:56:36:56:40:56:60":2,"s:59:36:62:1":8,"f:59:36:59:37":1,"s:60:21:60:99":9,"s:61:2:61:Infinity":10,"s:64:36:68:1":11,"f:64:36:64:37":2,"s:65:21:65:49":12,"s:66:2:66:Infinity":13,"s:67:2:67:Infinity":14,"s:70:36:72:1":15,"f:70:36:70:37":3,"s:71:2:71:Infinity":16,"b:71:9:71:52:71:56:71:91":3}}}
,"D:\\Projem\\src\\utils\\rateLimiter.js": {"path":"D:\\Projem\\src\\utils\\rateLimiter.js","statementMap":{"0":{"start":{"line":14,"column":21},"end":{"line":14,"column":30}},"1":{"start":{"line":23,"column":30},"end":{"line":42,"column":1}},"2":{"start":{"line":24,"column":14},"end":{"line":24,"column":24}},"3":{"start":{"line":26,"column":2},"end":{"line":28,"column":3}},"4":{"start":{"line":27,"column":4},"end":{"line":27,"column":30}},"5":{"start":{"line":31,"column":21},"end":{"line":31,"column":74}},"6":{"start":{"line":31,"column":55},"end":{"line":31,"column":73}},"7":{"start":{"line":33,"column":2},"end":{"line":35,"column":3}},"8":{"start":{"line":34,"column":4},"end":{"line":34,"column":17}},"9":{"start":{"line":38,"column":2},"end":{"line":38,"column":23}},"10":{"start":{"line":39,"column":2},"end":{"line":39,"column":36}},"11":{"start":{"line":41,"column":2},"end":{"line":41,"column":14}},"12":{"start":{"line":48,"column":30},"end":{"line":50,"column":1}},"13":{"start":{"line":49,"column":2},"end":{"line":49,"column":27}},"14":{"start":{"line":59,"column":36},"end":{"line":68,"column":1}},"15":{"start":{"line":60,"column":14},"end":{"line":60,"column":24}},"16":{"start":{"line":62,"column":2},"end":{"line":64,"column":3}},"17":{"start":{"line":63,"column":4},"end":{"line":63,"column":23}},"18":{"start":{"line":66,"column":21},"end":{"line":66,"column":74}},"19":{"start":{"line":66,"column":55},"end":{"line":66,"column":73}},"20":{"start":{"line":67,"column":2},"end":{"line":67,"column":54}},"21":{"start":{"line":76,"column":33},"end":{"line":92,"column":1}},"22":{"start":{"line":77,"column":14},"end":{"line":77,"column":24}},"23":{"start":{"line":79,"column":2},"end":{"line":81,"column":3}},"24":{"start":{"line":80,"column":4},"end":{"line":80,"column":13}},"25":{"start":{"line":83,"column":21},"end":{"line":83,"column":42}},"26":{"start":{"line":84,"column":2},"end":{"line":86,"column":3}},"27":{"start":{"line":85,"column":4},"end":{"line":85,"column":13}},"28":{"start":{"line":88,"column":26},"end":{"line":88,"column":49}},"29":{"start":{"line":89,"column":20},"end":{"line":89,"column":46}},"30":{"start":{"line":91,"column":2},"end":{"line":91,"column":38}}},"fnMap":{"0":{"name":"(anonymous_0)","decl":{"start":{"line":23,"column":30},"end":{"line":23,"column":31}},"loc":{"start":{"line":23,"column":74},"end":{"line":42,"column":1}},"line":23},"1":{"name":"(anonymous_1)","decl":{"start":{"line":31,"column":50},"end":{"line":31,"column":51}},"loc":{"start":{"line":31,"column":55},"end":{"line":31,"column":73}},"line":31},"2":{"name":"(anonymous_2)","decl":{"start":{"line":48,"column":30},"end":{"line":48,"column":31}},"loc":{"start":{"line":48,"column":39},"end":{"line":50,"column":1}},"line":48},"3":{"name":"(anonymous_3)","decl":{"start":{"line":59,"column":36},"end":{"line":59,"column":37}},"loc":{"start":{"line":59,"column":80},"end":{"line":68,"column":1}},"line":59},"4":{"name":"(anonymous_4)","decl":{"start":{"line":66,"column":50},"end":{"line":66,"column":51}},"loc":{"start":{"line":66,"column":55},"end":{"line":66,"column":73}},"line":66},"5":{"name":"(anonymous_5)","decl":{"start":{"line":76,"column":33},"end":{"line":76,"column":34}},"loc":{"start":{"line":76,"column":60},"end":{"line":92,"column":1}},"line":76}},"branchMap":{"0":{"loc":{"start":{"line":23,"column":36},"end":{"line":23,"column":51}},"type":"default-arg","locations":[{"start":{"line":23,"column":50},"end":{"line":23,"column":51}}],"line":23},"1":{"loc":{"start":{"line":23,"column":53},"end":{"line":23,"column":69}},"type":"default-arg","locations":[{"start":{"line":23,"column":64},"end":{"line":23,"column":69}}],"line":23},"2":{"loc":{"start":{"line":26,"column":2},"end":{"line":28,"column":3}},"type":"if","locations":[{"start":{"line":26,"column":2},"end":{"line":28,"column":3}},{"start":{},"end":{}}],"line":26},"3":{"loc":{"start":{"line":33,"column":2},"end":{"line":35,"column":3}},"type":"if","locations":[{"start":{"line":33,"column":2},"end":{"line":35,"column":3}},{"start":{},"end":{}}],"line":33},"4":{"loc":{"start":{"line":59,"column":42},"end":{"line":59,"column":57}},"type":"default-arg","locations":[{"start":{"line":59,"column":56},"end":{"line":59,"column":57}}],"line":59},"5":{"loc":{"start":{"line":59,"column":59},"end":{"line":59,"column":75}},"type":"default-arg","locations":[{"start":{"line":59,"column":70},"end":{"line":59,"column":75}}],"line":59},"6":{"loc":{"start":{"line":62,"column":2},"end":{"line":64,"column":3}},"type":"if","locations":[{"start":{"line":62,"column":2},"end":{"line":64,"column":3}},{"start":{},"end":{}}],"line":62},"7":{"loc":{"start":{"line":76,"column":39},"end":{"line":76,"column":55}},"type":"default-arg","locations":[{"start":{"line":76,"column":50},"end":{"line":76,"column":55}}],"line":76},"8":{"loc":{"start":{"line":79,"column":2},"end":{"line":81,"column":3}},"type":"if","locations":[{"start":{"line":79,"column":2},"end":{"line":81,"column":3}},{"start":{},"end":{}}],"line":79},"9":{"loc":{"start":{"line":84,"column":2},"end":{"line":86,"column":3}},"type":"if","locations":[{"start":{"line":84,"column":2},"end":{"line":86,"column":3}},{"start":{},"end":{}}],"line":84}},"s":{"0":1,"1":1,"2":25,"3":25,"4":13,"5":25,"6":21,"7":25,"8":5,"9":20,"10":20,"11":20,"12":1,"13":46,"14":1,"15":4,"16":4,"17":1,"18":3,"19":8,"20":3,"21":1,"22":2,"23":2,"24":1,"25":1,"26":1,"27":0,"28":1,"29":1,"30":1},"f":{"0":25,"1":21,"2":46,"3":4,"4":8,"5":2},"b":{"0":[25],"1":[25],"2":[13,12],"3":[5,20],"4":[4],"5":[4],"6":[1,3],"7":[2],"8":[1,1],"9":[0,1]},"meta":{"lastBranch":10,"lastFunction":6,"lastStatement":31,"seen":{"s:14:21:14:30":0,"s:23:30:42:1":1,"f:23:30:23:31":0,"b:23:50:23:51":0,"b:23:64:23:69":1,"s:24:14:24:24":2,"b:26:2:28:3:undefined:undefined:undefined:undefined":2,"s:26:2:28:3":3,"s:27:4:27:30":4,"s:31:21:31:74":5,"f:31:50:31:51":1,"s:31:55:31:73":6,"b:33:2:35:3:undefined:undefined:undefined:undefined":3,"s:33:2:35:3":7,"s:34:4:34:17":8,"s:38:2:38:23":9,"s:39:2:39:36":10,"s:41:2:41:14":11,"s:48:30:50:1":12,"f:48:30:48:31":2,"s:49:2:49:27":13,"s:59:36:68:1":14,"f:59:36:59:37":3,"b:59:56:59:57":4,"b:59:70:59:75":5,"s:60:14:60:24":15,"b:62:2:64:3:undefined:undefined:undefined:undefined":6,"s:62:2:64:3":16,"s:63:4:63:23":17,"s:66:21:66:74":18,"f:66:50:66:51":4,"s:66:55:66:73":19,"s:67:2:67:54":20,"s:76:33:92:1":21,"f:76:33:76:34":5,"b:76:50:76:55":7,"s:77:14:77:24":22,"b:79:2:81:3:undefined:undefined:undefined:undefined":8,"s:79:2:81:3":23,"s:80:4:80:13":24,"s:83:21:83:42":25,"b:84:2:86:3:undefined:undefined:undefined:undefined":9,"s:84:2:86:3":26,"s:85:4:85:13":27,"s:88:26:88:49":28,"s:89:20:89:46":29,"s:91:2:91:38":30}}}
,"D:\\Projem\\src\\utils\\timeFormat.js": {"path":"D:\\Projem\\src\\utils\\timeFormat.js","statementMap":{"0":{"start":{"line":8,"column":32},"end":{"line":21,"column":1}},"1":{"start":{"line":9,"column":2},"end":{"line":9,"column":62}},"2":{"start":{"line":9,"column":47},"end":{"line":9,"column":62}},"3":{"start":{"line":11,"column":16},"end":{"line":11,"column":34}},"4":{"start":{"line":12,"column":2},"end":{"line":12,"column":41}},"5":{"start":{"line":12,"column":26},"end":{"line":12,"column":41}},"6":{"start":{"line":14,"column":16},"end":{"line":14,"column":41}},"7":{"start":{"line":15,"column":18},"end":{"line":15,"column":43}},"8":{"start":{"line":18,"column":2},"end":{"line":18,"column":53}},"9":{"start":{"line":18,"column":38},"end":{"line":18,"column":53}},"10":{"start":{"line":20,"column":2},"end":{"line":20,"column":31}}},"fnMap":{"0":{"name":"(anonymous_0)","decl":{"start":{"line":8,"column":32},"end":{"line":8,"column":33}},"loc":{"start":{"line":8,"column":45},"end":{"line":21,"column":1}},"line":8}},"branchMap":{"0":{"loc":{"start":{"line":9,"column":2},"end":{"line":9,"column":62}},"type":"if","locations":[{"start":{"line":9,"column":2},"end":{"line":9,"column":62}},{"start":{},"end":{}}],"line":9},"1":{"loc":{"start":{"line":9,"column":6},"end":{"line":9,"column":45}},"type":"binary-expr","locations":[{"start":{"line":9,"column":6},"end":{"line":9,"column":14}},{"start":{"line":9,"column":18},"end":{"line":9,"column":45}}],"line":9},"2":{"loc":{"start":{"line":12,"column":2},"end":{"line":12,"column":41}},"type":"if","locations":[{"start":{"line":12,"column":2},"end":{"line":12,"column":41}},{"start":{},"end":{}}],"line":12},"3":{"loc":{"start":{"line":18,"column":2},"end":{"line":18,"column":53}},"type":"if","locations":[{"start":{"line":18,"column":2},"end":{"line":18,"column":53}},{"start":{},"end":{}}],"line":18},"4":{"loc":{"start":{"line":18,"column":6},"end":{"line":18,"column":36}},"type":"binary-expr","locations":[{"start":{"line":18,"column":6},"end":{"line":18,"column":18}},{"start":{"line":18,"column":22},"end":{"line":18,"column":36}}],"line":18}},"s":{"0":1,"1":6,"2":2,"3":4,"4":4,"5":1,"6":3,"7":3,"8":3,"9":0,"10":3},"f":{"0":6},"b":{"0":[2,4],"1":[6,4],"2":[1,3],"3":[0,3],"4":[3,3]},"meta":{"lastBranch":5,"lastFunction":1,"lastStatement":11,"seen":{"s:8:32:21:1":0,"f:8:32:8:33":0,"b:9:2:9:62:undefined:undefined:undefined:undefined":0,"s:9:2:9:62":1,"b:9:6:9:14:9:18:9:45":1,"s:9:47:9:62":2,"s:11:16:11:34":3,"b:12:2:12:41:undefined:undefined:undefined:undefined":2,"s:12:2:12:41":4,"s:12:26:12:41":5,"s:14:16:14:41":6,"s:15:18:15:43":7,"b:18:2:18:53:undefined:undefined:undefined:undefined":3,"s:18:2:18:53":8,"b:18:6:18:18:18:22:18:36":4,"s:18:38:18:53":9,"s:20:2:20:31":10}}}
,"D:\\Projem\\src\\utils\\xpMultiplier.js": {"path":"D:\\Projem\\src\\utils\\xpMultiplier.js","statementMap":{"0":{"start":{"line":3,"column":21},"end":{"line":3,"column":43}},"1":{"start":{"line":10,"column":16},"end":{"line":10,"column":56}},"2":{"start":{"line":11,"column":2},"end":{"line":11,"column":71}},"3":{"start":{"line":11,"column":58},"end":{"line":11,"column":71}},"4":{"start":{"line":12,"column":2},"end":{"line":12,"column":55}},"5":{"start":{"line":19,"column":2},"end":{"line":19,"column":40}}},"fnMap":{"0":{"name":"isXpMultiplierActive","decl":{"start":{"line":9,"column":16},"end":{"line":9,"column":36}},"loc":{"start":{"line":9,"column":39},"end":{"line":13,"column":1}},"line":9},"1":{"name":"getXpMultiplier","decl":{"start":{"line":18,"column":16},"end":{"line":18,"column":31}},"loc":{"start":{"line":18,"column":34},"end":{"line":20,"column":1}},"line":18}},"branchMap":{"0":{"loc":{"start":{"line":11,"column":2},"end":{"line":11,"column":71}},"type":"if","locations":[{"start":{"line":11,"column":2},"end":{"line":11,"column":71}},{"start":{},"end":{}}],"line":11},"1":{"loc":{"start":{"line":11,"column":6},"end":{"line":11,"column":56}},"type":"binary-expr","locations":[{"start":{"line":11,"column":6},"end":{"line":11,"column":29}},{"start":{"line":11,"column":33},"end":{"line":11,"column":56}}],"line":11},"2":{"loc":{"start":{"line":19,"column":9},"end":{"line":19,"column":39}},"type":"cond-expr","locations":[{"start":{"line":19,"column":34},"end":{"line":19,"column":35}},{"start":{"line":19,"column":38},"end":{"line":19,"column":39}}],"line":19}},"s":{"0":1,"1":6,"2":6,"3":3,"4":3,"5":2},"f":{"0":6,"1":2},"b":{"0":[3,3],"1":[6,3],"2":[1,1]},"meta":{"lastBranch":3,"lastFunction":2,"lastStatement":6,"seen":{"s:3:21:3:43":0,"f:9:16:9:36":0,"s:10:16:10:56":1,"b:11:2:11:71:undefined:undefined:undefined:undefined":0,"s:11:2:11:71":2,"b:11:6:11:29:11:33:11:56":1,"s:11:58:11:71":3,"s:12:2:12:55":4,"f:18:16:18:31":1,"s:19:2:19:40":5,"b:19:34:19:35:19:38:19:39":2}}}
}
